{"C:\\Users\\CharisUAS\\Desktop\\Broadcaster\\server\\app.js":{"path":"C:\\Users\\CharisUAS\\Desktop\\Broadcaster\\server\\app.js","statementMap":{"0":{"start":{"line":3,"column":0},"end":{"line":5,"column":3}},"1":{"start":{"line":7,"column":15},"end":{"line":7,"column":33}},"2":{"start":{"line":9,"column":16},"end":{"line":9,"column":48}},"3":{"start":{"line":11,"column":18},"end":{"line":11,"column":40}},"4":{"start":{"line":13,"column":19},"end":{"line":13,"column":54}},"5":{"start":{"line":15,"column":14},"end":{"line":15,"column":31}},"6":{"start":{"line":17,"column":15},"end":{"line":17,"column":46}},"7":{"start":{"line":19,"column":14},"end":{"line":19,"column":43}},"8":{"start":{"line":21,"column":15},"end":{"line":21,"column":46}},"9":{"start":{"line":23,"column":15},"end":{"line":23,"column":44}},"10":{"start":{"line":25,"column":15},"end":{"line":25,"column":47}},"11":{"start":{"line":27,"column":39},"end":{"line":27,"column":93}},"12":{"start":{"line":29,"column":10},"end":{"line":29,"column":34}},"13":{"start":{"line":31,"column":0},"end":{"line":31,"column":26}},"14":{"start":{"line":33,"column":0},"end":{"line":33,"column":37}},"15":{"start":{"line":34,"column":0},"end":{"line":36,"column":4}},"16":{"start":{"line":37,"column":0},"end":{"line":37,"column":26}},"17":{"start":{"line":38,"column":0},"end":{"line":38,"column":26}},"18":{"start":{"line":39,"column":0},"end":{"line":44,"column":3}},"19":{"start":{"line":40,"column":2},"end":{"line":43,"column":5}},"20":{"start":{"line":46,"column":0},"end":{"line":51,"column":3}},"21":{"start":{"line":47,"column":2},"end":{"line":50,"column":5}},"22":{"start":{"line":52,"column":11},"end":{"line":52,"column":27}},"23":{"start":{"line":53,"column":0},"end":{"line":55,"column":3}},"24":{"start":{"line":54,"column":2},"end":{"line":54,"column":63}},"25":{"start":{"line":56,"column":0},"end":{"line":56,"column":22}}},"fnMap":{"0":{"name":"_interopRequireDefault","decl":{"start":{"line":27,"column":9},"end":{"line":27,"column":31}},"loc":{"start":{"line":27,"column":37},"end":{"line":27,"column":95}},"line":27},"1":{"name":"(anonymous_1)","decl":{"start":{"line":39,"column":13},"end":{"line":39,"column":14}},"loc":{"start":{"line":39,"column":33},"end":{"line":44,"column":1}},"line":39},"2":{"name":"(anonymous_2)","decl":{"start":{"line":46,"column":13},"end":{"line":46,"column":14}},"loc":{"start":{"line":46,"column":33},"end":{"line":51,"column":1}},"line":46},"3":{"name":"(anonymous_3)","decl":{"start":{"line":53,"column":17},"end":{"line":53,"column":18}},"loc":{"start":{"line":53,"column":29},"end":{"line":55,"column":1}},"line":53}},"branchMap":{"0":{"loc":{"start":{"line":27,"column":46},"end":{"line":27,"column":92}},"type":"cond-expr","locations":[{"start":{"line":27,"column":70},"end":{"line":27,"column":73}},{"start":{"line":27,"column":76},"end":{"line":27,"column":92}}],"line":27},"1":{"loc":{"start":{"line":27,"column":46},"end":{"line":27,"column":67}},"type":"binary-expr","locations":[{"start":{"line":27,"column":46},"end":{"line":27,"column":49}},{"start":{"line":27,"column":53},"end":{"line":27,"column":67}}],"line":27}},"s":{"0":1,"1":1,"2":1,"3":1,"4":1,"5":1,"6":1,"7":1,"8":1,"9":1,"10":1,"11":5,"12":1,"13":1,"14":1,"15":1,"16":1,"17":1,"18":1,"19":2,"20":1,"21":1,"22":1,"23":1,"24":1,"25":1},"f":{"0":5,"1":2,"2":1,"3":1},"b":{"0":[2,3],"1":[5,5]},"_coverageSchema":"43e27e138ebf9cfc5966b082cf9a028302ed4184","hash":"a69ebcc71ff1323a45e7e199b1fb538db68c2be6","contentHash":"d6fac92310b8dab8dc67b33d78b023026d43350a216d6611a452fa0cb92167dd"},"C:\\Users\\CharisUAS\\Desktop\\Broadcaster\\server\\v1\\routes\\routes.js":{"path":"C:\\Users\\CharisUAS\\Desktop\\Broadcaster\\server\\v1\\routes\\routes.js","statementMap":{"0":{"start":{"line":3,"column":0},"end":{"line":5,"column":3}},"1":{"start":{"line":7,"column":15},"end":{"line":7,"column":33}},"2":{"start":{"line":9,"column":16},"end":{"line":9,"column":48}},"3":{"start":{"line":11,"column":18},"end":{"line":11,"column":54}},"4":{"start":{"line":13,"column":22},"end":{"line":13,"column":62}},"5":{"start":{"line":15,"column":23},"end":{"line":15,"column":62}},"6":{"start":{"line":17,"column":25},"end":{"line":17,"column":68}},"7":{"start":{"line":19,"column":26},"end":{"line":19,"column":68}},"8":{"start":{"line":21,"column":13},"end":{"line":21,"column":44}},"9":{"start":{"line":23,"column":14},"end":{"line":23,"column":44}},"10":{"start":{"line":25,"column":13},"end":{"line":25,"column":44}},"11":{"start":{"line":27,"column":14},"end":{"line":27,"column":44}},"12":{"start":{"line":29,"column":39},"end":{"line":29,"column":93}},"13":{"start":{"line":33,"column":12},"end":{"line":33,"column":36}},"14":{"start":{"line":34,"column":0},"end":{"line":34,"column":87}},"15":{"start":{"line":35,"column":0},"end":{"line":35,"column":87}},"16":{"start":{"line":36,"column":0},"end":{"line":36,"column":112}},"17":{"start":{"line":37,"column":0},"end":{"line":37,"column":73}},"18":{"start":{"line":38,"column":0},"end":{"line":38,"column":81}},"19":{"start":{"line":39,"column":0},"end":{"line":39,"column":108}},"20":{"start":{"line":40,"column":0},"end":{"line":40,"column":148}},"21":{"start":{"line":41,"column":0},"end":{"line":41,"column":145}},"22":{"start":{"line":43,"column":0},"end":{"line":43,"column":24}}},"fnMap":{"0":{"name":"_interopRequireDefault","decl":{"start":{"line":29,"column":9},"end":{"line":29,"column":31}},"loc":{"start":{"line":29,"column":37},"end":{"line":29,"column":95}},"line":29}},"branchMap":{"0":{"loc":{"start":{"line":29,"column":46},"end":{"line":29,"column":92}},"type":"cond-expr","locations":[{"start":{"line":29,"column":70},"end":{"line":29,"column":73}},{"start":{"line":29,"column":76},"end":{"line":29,"column":92}}],"line":29},"1":{"loc":{"start":{"line":29,"column":46},"end":{"line":29,"column":67}},"type":"binary-expr","locations":[{"start":{"line":29,"column":46},"end":{"line":29,"column":49}},{"start":{"line":29,"column":53},"end":{"line":29,"column":67}}],"line":29}},"s":{"0":1,"1":1,"2":1,"3":1,"4":1,"5":1,"6":1,"7":1,"8":1,"9":1,"10":1,"11":1,"12":5,"13":1,"14":1,"15":1,"16":1,"17":1,"18":1,"19":1,"20":1,"21":1,"22":1},"f":{"0":5},"b":{"0":[4,1],"1":[5,5]},"_coverageSchema":"43e27e138ebf9cfc5966b082cf9a028302ed4184","hash":"9081ce8bd393fe66c0c9a40a8c59986f14c11c63","contentHash":"63c2f4919f16bdfde633c283e928f6ff7a15ef3c8c76041337c574a8670e9f1f"},"C:\\Users\\CharisUAS\\Desktop\\Broadcaster\\server\\v1\\middlewares\\validation.js":{"path":"C:\\Users\\CharisUAS\\Desktop\\Broadcaster\\server\\v1\\middlewares\\validation.js","statementMap":{"0":{"start":{"line":3,"column":0},"end":{"line":5,"column":3}},"1":{"start":{"line":6,"column":0},"end":{"line":6,"column":113}},"2":{"start":{"line":8,"column":11},"end":{"line":8,"column":31}},"3":{"start":{"line":10,"column":12},"end":{"line":10,"column":40}},"4":{"start":{"line":12,"column":39},"end":{"line":12,"column":93}},"5":{"start":{"line":14,"column":13},"end":{"line":32,"column":1}},"6":{"start":{"line":15,"column":15},"end":{"line":22,"column":3}},"7":{"start":{"line":23,"column":15},"end":{"line":23,"column":55}},"8":{"start":{"line":24,"column":2},"end":{"line":29,"column":3}},"9":{"start":{"line":25,"column":4},"end":{"line":28,"column":7}},"10":{"start":{"line":30,"column":2},"end":{"line":30,"column":20}},"11":{"start":{"line":31,"column":2},"end":{"line":31,"column":9}},"12":{"start":{"line":35,"column":13},"end":{"line":48,"column":1}},"13":{"start":{"line":36,"column":15},"end":{"line":39,"column":3}},"14":{"start":{"line":40,"column":15},"end":{"line":40,"column":55}},"15":{"start":{"line":41,"column":2},"end":{"line":46,"column":3}},"16":{"start":{"line":42,"column":4},"end":{"line":45,"column":7}},"17":{"start":{"line":47,"column":2},"end":{"line":47,"column":9}},"18":{"start":{"line":49,"column":20},"end":{"line":65,"column":1}},"19":{"start":{"line":50,"column":15},"end":{"line":56,"column":3}},"20":{"start":{"line":57,"column":15},"end":{"line":57,"column":55}},"21":{"start":{"line":58,"column":2},"end":{"line":63,"column":3}},"22":{"start":{"line":59,"column":4},"end":{"line":62,"column":7}},"23":{"start":{"line":64,"column":2},"end":{"line":64,"column":9}},"24":{"start":{"line":66,"column":19},"end":{"line":78,"column":1}},"25":{"start":{"line":67,"column":15},"end":{"line":69,"column":3}},"26":{"start":{"line":70,"column":15},"end":{"line":70,"column":55}},"27":{"start":{"line":71,"column":2},"end":{"line":76,"column":3}},"28":{"start":{"line":72,"column":4},"end":{"line":75,"column":7}},"29":{"start":{"line":77,"column":2},"end":{"line":77,"column":9}},"30":{"start":{"line":79,"column":18},"end":{"line":91,"column":1}},"31":{"start":{"line":80,"column":15},"end":{"line":82,"column":3}},"32":{"start":{"line":83,"column":15},"end":{"line":83,"column":55}},"33":{"start":{"line":84,"column":2},"end":{"line":89,"column":3}},"34":{"start":{"line":85,"column":4},"end":{"line":88,"column":7}},"35":{"start":{"line":90,"column":2},"end":{"line":90,"column":9}},"36":{"start":{"line":92,"column":0},"end":{"line":92,"column":24}},"37":{"start":{"line":93,"column":0},"end":{"line":93,"column":24}},"38":{"start":{"line":94,"column":0},"end":{"line":94,"column":38}},"39":{"start":{"line":95,"column":0},"end":{"line":95,"column":36}},"40":{"start":{"line":96,"column":0},"end":{"line":96,"column":34}}},"fnMap":{"0":{"name":"_interopRequireDefault","decl":{"start":{"line":12,"column":9},"end":{"line":12,"column":31}},"loc":{"start":{"line":12,"column":37},"end":{"line":12,"column":95}},"line":12},"1":{"name":"signUp","decl":{"start":{"line":14,"column":22},"end":{"line":14,"column":28}},"loc":{"start":{"line":14,"column":45},"end":{"line":32,"column":1}},"line":14},"2":{"name":"signIn","decl":{"start":{"line":35,"column":22},"end":{"line":35,"column":28}},"loc":{"start":{"line":35,"column":45},"end":{"line":48,"column":1}},"line":35},"3":{"name":"createRedflag","decl":{"start":{"line":49,"column":29},"end":{"line":49,"column":42}},"loc":{"start":{"line":49,"column":59},"end":{"line":65,"column":1}},"line":49},"4":{"name":"editlocation","decl":{"start":{"line":66,"column":28},"end":{"line":66,"column":40}},"loc":{"start":{"line":66,"column":57},"end":{"line":78,"column":1}},"line":66},"5":{"name":"editcomment","decl":{"start":{"line":79,"column":27},"end":{"line":79,"column":38}},"loc":{"start":{"line":79,"column":55},"end":{"line":91,"column":1}},"line":79}},"branchMap":{"0":{"loc":{"start":{"line":12,"column":46},"end":{"line":12,"column":92}},"type":"cond-expr","locations":[{"start":{"line":12,"column":70},"end":{"line":12,"column":73}},{"start":{"line":12,"column":76},"end":{"line":12,"column":92}}],"line":12},"1":{"loc":{"start":{"line":12,"column":46},"end":{"line":12,"column":67}},"type":"binary-expr","locations":[{"start":{"line":12,"column":46},"end":{"line":12,"column":49}},{"start":{"line":12,"column":53},"end":{"line":12,"column":67}}],"line":12},"2":{"loc":{"start":{"line":24,"column":2},"end":{"line":29,"column":3}},"type":"if","locations":[{"start":{"line":24,"column":2},"end":{"line":29,"column":3}},{"start":{"line":24,"column":2},"end":{"line":29,"column":3}}],"line":24},"3":{"loc":{"start":{"line":41,"column":2},"end":{"line":46,"column":3}},"type":"if","locations":[{"start":{"line":41,"column":2},"end":{"line":46,"column":3}},{"start":{"line":41,"column":2},"end":{"line":46,"column":3}}],"line":41},"4":{"loc":{"start":{"line":58,"column":2},"end":{"line":63,"column":3}},"type":"if","locations":[{"start":{"line":58,"column":2},"end":{"line":63,"column":3}},{"start":{"line":58,"column":2},"end":{"line":63,"column":3}}],"line":58},"5":{"loc":{"start":{"line":71,"column":2},"end":{"line":76,"column":3}},"type":"if","locations":[{"start":{"line":71,"column":2},"end":{"line":76,"column":3}},{"start":{"line":71,"column":2},"end":{"line":76,"column":3}}],"line":71},"6":{"loc":{"start":{"line":84,"column":2},"end":{"line":89,"column":3}},"type":"if","locations":[{"start":{"line":84,"column":2},"end":{"line":89,"column":3}},{"start":{"line":84,"column":2},"end":{"line":89,"column":3}}],"line":84}},"s":{"0":1,"1":1,"2":1,"3":1,"4":1,"5":1,"6":4,"7":4,"8":4,"9":1,"10":3,"11":3,"12":1,"13":5,"14":5,"15":5,"16":1,"17":4,"18":1,"19":3,"20":3,"21":3,"22":1,"23":2,"24":1,"25":2,"26":2,"27":2,"28":1,"29":1,"30":1,"31":2,"32":2,"33":2,"34":1,"35":1,"36":1,"37":1,"38":1,"39":1,"40":1},"f":{"0":1,"1":4,"2":5,"3":3,"4":2,"5":2},"b":{"0":[0,1],"1":[1,1],"2":[1,3],"3":[1,4],"4":[1,2],"5":[1,1],"6":[1,1]},"_coverageSchema":"43e27e138ebf9cfc5966b082cf9a028302ed4184","hash":"a0d7a8739accd4ac98394ad36304652cd0914300","contentHash":"85aaee5af60df41ff8fff78ecc39dcb53da287e7c3cc3646e492b8b429e1b3e0"},"C:\\Users\\CharisUAS\\Desktop\\Broadcaster\\server\\v1\\controllers\\userController.js":{"path":"C:\\Users\\CharisUAS\\Desktop\\Broadcaster\\server\\v1\\controllers\\userController.js","statementMap":{"0":{"start":{"line":3,"column":0},"end":{"line":5,"column":3}},"1":{"start":{"line":7,"column":19},"end":{"line":7,"column":563}},"2":{"start":{"line":7,"column":76},"end":{"line":7,"column":347}},"3":{"start":{"line":7,"column":89},"end":{"line":7,"column":90}},"4":{"start":{"line":7,"column":134},"end":{"line":7,"column":142}},"5":{"start":{"line":7,"column":144},"end":{"line":7,"column":199}},"6":{"start":{"line":7,"column":200},"end":{"line":7,"column":231}},"7":{"start":{"line":7,"column":232},"end":{"line":7,"column":286}},"8":{"start":{"line":7,"column":259},"end":{"line":7,"column":286}},"9":{"start":{"line":7,"column":287},"end":{"line":7,"column":345}},"10":{"start":{"line":7,"column":350},"end":{"line":7,"column":559}},"11":{"start":{"line":7,"column":407},"end":{"line":7,"column":475}},"12":{"start":{"line":7,"column":423},"end":{"line":7,"column":475}},"13":{"start":{"line":7,"column":476},"end":{"line":7,"column":536}},"14":{"start":{"line":7,"column":493},"end":{"line":7,"column":536}},"15":{"start":{"line":7,"column":537},"end":{"line":7,"column":556}},"16":{"start":{"line":10,"column":16},"end":{"line":10,"column":35}},"17":{"start":{"line":12,"column":17},"end":{"line":12,"column":50}},"18":{"start":{"line":14,"column":13},"end":{"line":14,"column":39}},"19":{"start":{"line":16,"column":19},"end":{"line":16,"column":52}},"20":{"start":{"line":18,"column":20},"end":{"line":18,"column":56}},"21":{"start":{"line":20,"column":39},"end":{"line":20,"column":93}},"22":{"start":{"line":22,"column":50},"end":{"line":22,"column":151}},"23":{"start":{"line":22,"column":92},"end":{"line":22,"column":149}},"24":{"start":{"line":24,"column":21},"end":{"line":86,"column":3}},"25":{"start":{"line":26,"column":4},"end":{"line":26,"column":42}},"26":{"start":{"line":29,"column":2},"end":{"line":83,"column":6}},"27":{"start":{"line":32,"column":18},"end":{"line":32,"column":32}},"28":{"start":{"line":34,"column":18},"end":{"line":34,"column":46}},"29":{"start":{"line":35,"column":6},"end":{"line":49,"column":7}},"30":{"start":{"line":36,"column":8},"end":{"line":48,"column":11}},"31":{"start":{"line":50,"column":6},"end":{"line":53,"column":9}},"32":{"start":{"line":58,"column":22},"end":{"line":58,"column":30}},"33":{"start":{"line":59,"column":18},"end":{"line":59,"column":33}},"34":{"start":{"line":60,"column":21},"end":{"line":60,"column":39}},"35":{"start":{"line":62,"column":21},"end":{"line":64,"column":8}},"36":{"start":{"line":63,"column":8},"end":{"line":63,"column":33}},"37":{"start":{"line":65,"column":6},"end":{"line":70,"column":7}},"38":{"start":{"line":66,"column":8},"end":{"line":69,"column":11}},"39":{"start":{"line":71,"column":6},"end":{"line":77,"column":7}},"40":{"start":{"line":72,"column":8},"end":{"line":76,"column":11}},"41":{"start":{"line":78,"column":6},"end":{"line":81,"column":9}},"42":{"start":{"line":85,"column":2},"end":{"line":85,"column":24}},"43":{"start":{"line":88,"column":0},"end":{"line":88,"column":33}}},"fnMap":{"0":{"name":"(anonymous_0)","decl":{"start":{"line":7,"column":19},"end":{"line":7,"column":20}},"loc":{"start":{"line":7,"column":31},"end":{"line":7,"column":561}},"line":7},"1":{"name":"defineProperties","decl":{"start":{"line":7,"column":42},"end":{"line":7,"column":58}},"loc":{"start":{"line":7,"column":74},"end":{"line":7,"column":349}},"line":7},"2":{"name":"(anonymous_2)","decl":{"start":{"line":7,"column":357},"end":{"line":7,"column":358}},"loc":{"start":{"line":7,"column":405},"end":{"line":7,"column":558}},"line":7},"3":{"name":"_interopRequireDefault","decl":{"start":{"line":20,"column":9},"end":{"line":20,"column":31}},"loc":{"start":{"line":20,"column":37},"end":{"line":20,"column":95}},"line":20},"4":{"name":"_classCallCheck","decl":{"start":{"line":22,"column":9},"end":{"line":22,"column":24}},"loc":{"start":{"line":22,"column":48},"end":{"line":22,"column":153}},"line":22},"5":{"name":"(anonymous_5)","decl":{"start":{"line":24,"column":21},"end":{"line":24,"column":22}},"loc":{"start":{"line":24,"column":33},"end":{"line":86,"column":1}},"line":24},"6":{"name":"userController","decl":{"start":{"line":25,"column":11},"end":{"line":25,"column":25}},"loc":{"start":{"line":25,"column":28},"end":{"line":27,"column":3}},"line":25},"7":{"name":"signup","decl":{"start":{"line":31,"column":20},"end":{"line":31,"column":26}},"loc":{"start":{"line":31,"column":37},"end":{"line":54,"column":5}},"line":31},"8":{"name":"signin","decl":{"start":{"line":57,"column":20},"end":{"line":57,"column":26}},"loc":{"start":{"line":57,"column":37},"end":{"line":82,"column":5}},"line":57},"9":{"name":"(anonymous_9)","decl":{"start":{"line":62,"column":39},"end":{"line":62,"column":40}},"loc":{"start":{"line":62,"column":52},"end":{"line":64,"column":7}},"line":62}},"branchMap":{"0":{"loc":{"start":{"line":7,"column":168},"end":{"line":7,"column":198}},"type":"binary-expr","locations":[{"start":{"line":7,"column":168},"end":{"line":7,"column":189}},{"start":{"line":7,"column":193},"end":{"line":7,"column":198}}],"line":7},"1":{"loc":{"start":{"line":7,"column":232},"end":{"line":7,"column":286}},"type":"if","locations":[{"start":{"line":7,"column":232},"end":{"line":7,"column":286}},{"start":{"line":7,"column":232},"end":{"line":7,"column":286}}],"line":7},"2":{"loc":{"start":{"line":7,"column":407},"end":{"line":7,"column":475}},"type":"if","locations":[{"start":{"line":7,"column":407},"end":{"line":7,"column":475}},{"start":{"line":7,"column":407},"end":{"line":7,"column":475}}],"line":7},"3":{"loc":{"start":{"line":7,"column":476},"end":{"line":7,"column":536}},"type":"if","locations":[{"start":{"line":7,"column":476},"end":{"line":7,"column":536}},{"start":{"line":7,"column":476},"end":{"line":7,"column":536}}],"line":7},"4":{"loc":{"start":{"line":20,"column":46},"end":{"line":20,"column":92}},"type":"cond-expr","locations":[{"start":{"line":20,"column":70},"end":{"line":20,"column":73}},{"start":{"line":20,"column":76},"end":{"line":20,"column":92}}],"line":20},"5":{"loc":{"start":{"line":20,"column":46},"end":{"line":20,"column":67}},"type":"binary-expr","locations":[{"start":{"line":20,"column":46},"end":{"line":20,"column":49}},{"start":{"line":20,"column":53},"end":{"line":20,"column":67}}],"line":20},"6":{"loc":{"start":{"line":22,"column":50},"end":{"line":22,"column":151}},"type":"if","locations":[{"start":{"line":22,"column":50},"end":{"line":22,"column":151}},{"start":{"line":22,"column":50},"end":{"line":22,"column":151}}],"line":22},"7":{"loc":{"start":{"line":35,"column":6},"end":{"line":49,"column":7}},"type":"if","locations":[{"start":{"line":35,"column":6},"end":{"line":49,"column":7}},{"start":{"line":35,"column":6},"end":{"line":49,"column":7}}],"line":35},"8":{"loc":{"start":{"line":65,"column":6},"end":{"line":70,"column":7}},"type":"if","locations":[{"start":{"line":65,"column":6},"end":{"line":70,"column":7}},{"start":{"line":65,"column":6},"end":{"line":70,"column":7}}],"line":65},"9":{"loc":{"start":{"line":71,"column":6},"end":{"line":77,"column":7}},"type":"if","locations":[{"start":{"line":71,"column":6},"end":{"line":77,"column":7}},{"start":{"line":71,"column":6},"end":{"line":77,"column":7}}],"line":71}},"s":{"0":1,"1":1,"2":1,"3":1,"4":2,"5":2,"6":2,"7":2,"8":2,"9":2,"10":1,"11":1,"12":0,"13":1,"14":1,"15":1,"16":1,"17":1,"18":1,"19":1,"20":1,"21":2,"22":0,"23":0,"24":1,"25":0,"26":1,"27":3,"28":3,"29":3,"30":2,"31":1,"32":4,"33":4,"34":4,"35":4,"36":6,"37":4,"38":1,"39":3,"40":2,"41":1,"42":1,"43":1},"f":{"0":1,"1":1,"2":1,"3":2,"4":0,"5":1,"6":0,"7":3,"8":4,"9":6},"b":{"0":[2,2],"1":[2,0],"2":[0,1],"3":[1,0],"4":[1,1],"5":[2,2],"6":[0,0],"7":[2,1],"8":[1,3],"9":[2,1]},"_coverageSchema":"43e27e138ebf9cfc5966b082cf9a028302ed4184","hash":"4808f95d8117fd2079255e4814f472b5d4ab84d3","contentHash":"42a8c9bbd29675be4aef8dfdecbee018b2a666770d0ad6ec33bfa3c9649a5036"},"C:\\Users\\CharisUAS\\Desktop\\Broadcaster\\server\\v1\\models\\users.js":{"path":"C:\\Users\\CharisUAS\\Desktop\\Broadcaster\\server\\v1\\models\\users.js","statementMap":{"0":{"start":{"line":3,"column":0},"end":{"line":5,"column":3}},"1":{"start":{"line":6,"column":0},"end":{"line":6,"column":46}},"2":{"start":{"line":8,"column":19},"end":{"line":8,"column":563}},"3":{"start":{"line":8,"column":76},"end":{"line":8,"column":347}},"4":{"start":{"line":8,"column":89},"end":{"line":8,"column":90}},"5":{"start":{"line":8,"column":134},"end":{"line":8,"column":142}},"6":{"start":{"line":8,"column":144},"end":{"line":8,"column":199}},"7":{"start":{"line":8,"column":200},"end":{"line":8,"column":231}},"8":{"start":{"line":8,"column":232},"end":{"line":8,"column":286}},"9":{"start":{"line":8,"column":259},"end":{"line":8,"column":286}},"10":{"start":{"line":8,"column":287},"end":{"line":8,"column":345}},"11":{"start":{"line":8,"column":350},"end":{"line":8,"column":559}},"12":{"start":{"line":8,"column":407},"end":{"line":8,"column":475}},"13":{"start":{"line":8,"column":423},"end":{"line":8,"column":475}},"14":{"start":{"line":8,"column":476},"end":{"line":8,"column":536}},"15":{"start":{"line":8,"column":493},"end":{"line":8,"column":536}},"16":{"start":{"line":8,"column":537},"end":{"line":8,"column":556}},"17":{"start":{"line":11,"column":16},"end":{"line":11,"column":35}},"18":{"start":{"line":13,"column":17},"end":{"line":13,"column":50}},"19":{"start":{"line":15,"column":39},"end":{"line":15,"column":93}},"20":{"start":{"line":17,"column":50},"end":{"line":17,"column":151}},"21":{"start":{"line":17,"column":92},"end":{"line":17,"column":149}},"22":{"start":{"line":19,"column":12},"end":{"line":19,"column":14}},"23":{"start":{"line":21,"column":16},"end":{"line":58,"column":3}},"24":{"start":{"line":23,"column":4},"end":{"line":23,"column":37}},"25":{"start":{"line":26,"column":2},"end":{"line":55,"column":6}},"26":{"start":{"line":29,"column":22},"end":{"line":29,"column":30}},"27":{"start":{"line":30,"column":22},"end":{"line":30,"column":41}},"28":{"start":{"line":31,"column":21},"end":{"line":31,"column":39}},"29":{"start":{"line":32,"column":18},"end":{"line":32,"column":33}},"30":{"start":{"line":33,"column":24},"end":{"line":33,"column":45}},"31":{"start":{"line":34,"column":21},"end":{"line":34,"column":39}},"32":{"start":{"line":35,"column":21},"end":{"line":35,"column":39}},"33":{"start":{"line":37,"column":20},"end":{"line":45,"column":7}},"34":{"start":{"line":46,"column":18},"end":{"line":48,"column":8}},"35":{"start":{"line":47,"column":8},"end":{"line":47,"column":33}},"36":{"start":{"line":49,"column":6},"end":{"line":52,"column":7}},"37":{"start":{"line":50,"column":8},"end":{"line":50,"column":28}},"38":{"start":{"line":51,"column":8},"end":{"line":51,"column":20}},"39":{"start":{"line":53,"column":6},"end":{"line":53,"column":19}},"40":{"start":{"line":57,"column":2},"end":{"line":57,"column":19}},"41":{"start":{"line":60,"column":0},"end":{"line":60,"column":22}},"42":{"start":{"line":61,"column":0},"end":{"line":61,"column":30}}},"fnMap":{"0":{"name":"(anonymous_0)","decl":{"start":{"line":8,"column":19},"end":{"line":8,"column":20}},"loc":{"start":{"line":8,"column":31},"end":{"line":8,"column":561}},"line":8},"1":{"name":"defineProperties","decl":{"start":{"line":8,"column":42},"end":{"line":8,"column":58}},"loc":{"start":{"line":8,"column":74},"end":{"line":8,"column":349}},"line":8},"2":{"name":"(anonymous_2)","decl":{"start":{"line":8,"column":357},"end":{"line":8,"column":358}},"loc":{"start":{"line":8,"column":405},"end":{"line":8,"column":558}},"line":8},"3":{"name":"_interopRequireDefault","decl":{"start":{"line":15,"column":9},"end":{"line":15,"column":31}},"loc":{"start":{"line":15,"column":37},"end":{"line":15,"column":95}},"line":15},"4":{"name":"_classCallCheck","decl":{"start":{"line":17,"column":9},"end":{"line":17,"column":24}},"loc":{"start":{"line":17,"column":48},"end":{"line":17,"column":153}},"line":17},"5":{"name":"(anonymous_5)","decl":{"start":{"line":21,"column":16},"end":{"line":21,"column":17}},"loc":{"start":{"line":21,"column":28},"end":{"line":58,"column":1}},"line":21},"6":{"name":"userModel","decl":{"start":{"line":22,"column":11},"end":{"line":22,"column":20}},"loc":{"start":{"line":22,"column":23},"end":{"line":24,"column":3}},"line":22},"7":{"name":"signup","decl":{"start":{"line":28,"column":20},"end":{"line":28,"column":26}},"loc":{"start":{"line":28,"column":32},"end":{"line":54,"column":5}},"line":28},"8":{"name":"(anonymous_8)","decl":{"start":{"line":46,"column":29},"end":{"line":46,"column":30}},"loc":{"start":{"line":46,"column":42},"end":{"line":48,"column":7}},"line":46}},"branchMap":{"0":{"loc":{"start":{"line":8,"column":168},"end":{"line":8,"column":198}},"type":"binary-expr","locations":[{"start":{"line":8,"column":168},"end":{"line":8,"column":189}},{"start":{"line":8,"column":193},"end":{"line":8,"column":198}}],"line":8},"1":{"loc":{"start":{"line":8,"column":232},"end":{"line":8,"column":286}},"type":"if","locations":[{"start":{"line":8,"column":232},"end":{"line":8,"column":286}},{"start":{"line":8,"column":232},"end":{"line":8,"column":286}}],"line":8},"2":{"loc":{"start":{"line":8,"column":407},"end":{"line":8,"column":475}},"type":"if","locations":[{"start":{"line":8,"column":407},"end":{"line":8,"column":475}},{"start":{"line":8,"column":407},"end":{"line":8,"column":475}}],"line":8},"3":{"loc":{"start":{"line":8,"column":476},"end":{"line":8,"column":536}},"type":"if","locations":[{"start":{"line":8,"column":476},"end":{"line":8,"column":536}},{"start":{"line":8,"column":476},"end":{"line":8,"column":536}}],"line":8},"4":{"loc":{"start":{"line":15,"column":46},"end":{"line":15,"column":92}},"type":"cond-expr","locations":[{"start":{"line":15,"column":70},"end":{"line":15,"column":73}},{"start":{"line":15,"column":76},"end":{"line":15,"column":92}}],"line":15},"5":{"loc":{"start":{"line":15,"column":46},"end":{"line":15,"column":67}},"type":"binary-expr","locations":[{"start":{"line":15,"column":46},"end":{"line":15,"column":49}},{"start":{"line":15,"column":53},"end":{"line":15,"column":67}}],"line":15},"6":{"loc":{"start":{"line":17,"column":50},"end":{"line":17,"column":151}},"type":"if","locations":[{"start":{"line":17,"column":50},"end":{"line":17,"column":151}},{"start":{"line":17,"column":50},"end":{"line":17,"column":151}}],"line":17},"7":{"loc":{"start":{"line":49,"column":6},"end":{"line":52,"column":7}},"type":"if","locations":[{"start":{"line":49,"column":6},"end":{"line":52,"column":7}},{"start":{"line":49,"column":6},"end":{"line":52,"column":7}}],"line":49}},"s":{"0":1,"1":1,"2":1,"3":1,"4":1,"5":1,"6":1,"7":1,"8":1,"9":1,"10":1,"11":1,"12":1,"13":0,"14":1,"15":1,"16":1,"17":1,"18":1,"19":1,"20":0,"21":0,"22":1,"23":1,"24":0,"25":1,"26":3,"27":3,"28":3,"29":3,"30":3,"31":3,"32":3,"33":3,"34":3,"35":2,"36":3,"37":2,"38":2,"39":1,"40":1,"41":1,"42":1},"f":{"0":1,"1":1,"2":1,"3":1,"4":0,"5":1,"6":0,"7":3,"8":2},"b":{"0":[1,1],"1":[1,0],"2":[0,1],"3":[1,0],"4":[0,1],"5":[1,1],"6":[0,0],"7":[2,1]},"_coverageSchema":"43e27e138ebf9cfc5966b082cf9a028302ed4184","hash":"b6676f1a8bba5adbf75e69daf6d51a155d5d048d","contentHash":"9cc467efeec2fcb07ed9058ab8344ed641669bdfc991a6e22af220ae1c3645d5"},"C:\\Users\\CharisUAS\\Desktop\\Broadcaster\\server\\v1\\helpers\\helperToken.js":{"path":"C:\\Users\\CharisUAS\\Desktop\\Broadcaster\\server\\v1\\helpers\\helperToken.js","statementMap":{"0":{"start":{"line":3,"column":0},"end":{"line":5,"column":3}},"1":{"start":{"line":7,"column":20},"end":{"line":7,"column":43}},"2":{"start":{"line":9,"column":21},"end":{"line":9,"column":58}},"3":{"start":{"line":11,"column":14},"end":{"line":11,"column":31}},"4":{"start":{"line":13,"column":15},"end":{"line":13,"column":46}},"5":{"start":{"line":15,"column":39},"end":{"line":15,"column":93}},"6":{"start":{"line":18,"column":0},"end":{"line":18,"column":26}},"7":{"start":{"line":19,"column":20},"end":{"line":23,"column":1}},"8":{"start":{"line":20,"column":2},"end":{"line":22,"column":22}},"9":{"start":{"line":25,"column":0},"end":{"line":25,"column":32}}},"fnMap":{"0":{"name":"_interopRequireDefault","decl":{"start":{"line":15,"column":9},"end":{"line":15,"column":31}},"loc":{"start":{"line":15,"column":37},"end":{"line":15,"column":95}},"line":15},"1":{"name":"generateToken","decl":{"start":{"line":19,"column":29},"end":{"line":19,"column":42}},"loc":{"start":{"line":19,"column":50},"end":{"line":23,"column":1}},"line":19}},"branchMap":{"0":{"loc":{"start":{"line":15,"column":46},"end":{"line":15,"column":92}},"type":"cond-expr","locations":[{"start":{"line":15,"column":70},"end":{"line":15,"column":73}},{"start":{"line":15,"column":76},"end":{"line":15,"column":92}}],"line":15},"1":{"loc":{"start":{"line":15,"column":46},"end":{"line":15,"column":67}},"type":"binary-expr","locations":[{"start":{"line":15,"column":46},"end":{"line":15,"column":49}},{"start":{"line":15,"column":53},"end":{"line":15,"column":67}}],"line":15}},"s":{"0":1,"1":1,"2":1,"3":1,"4":1,"5":2,"6":1,"7":1,"8":4,"9":1},"f":{"0":2,"1":4},"b":{"0":[0,2],"1":[2,2]},"_coverageSchema":"43e27e138ebf9cfc5966b082cf9a028302ed4184","hash":"57adfe7479ec2a5620ae874e294a34f00b0a6fcf","contentHash":"c7509d7f0f4dd34ac5e17a058d179a9acaa16949e2b745603e7f735e37e2d2c5"},"C:\\Users\\CharisUAS\\Desktop\\Broadcaster\\server\\v1\\controllers\\redflagController.js":{"path":"C:\\Users\\CharisUAS\\Desktop\\Broadcaster\\server\\v1\\controllers\\redflagController.js","statementMap":{"0":{"start":{"line":3,"column":0},"end":{"line":5,"column":3}},"1":{"start":{"line":7,"column":19},"end":{"line":7,"column":563}},"2":{"start":{"line":7,"column":76},"end":{"line":7,"column":347}},"3":{"start":{"line":7,"column":89},"end":{"line":7,"column":90}},"4":{"start":{"line":7,"column":134},"end":{"line":7,"column":142}},"5":{"start":{"line":7,"column":144},"end":{"line":7,"column":199}},"6":{"start":{"line":7,"column":200},"end":{"line":7,"column":231}},"7":{"start":{"line":7,"column":232},"end":{"line":7,"column":286}},"8":{"start":{"line":7,"column":259},"end":{"line":7,"column":286}},"9":{"start":{"line":7,"column":287},"end":{"line":7,"column":345}},"10":{"start":{"line":7,"column":350},"end":{"line":7,"column":559}},"11":{"start":{"line":7,"column":407},"end":{"line":7,"column":475}},"12":{"start":{"line":7,"column":423},"end":{"line":7,"column":475}},"13":{"start":{"line":7,"column":476},"end":{"line":7,"column":536}},"14":{"start":{"line":7,"column":493},"end":{"line":7,"column":536}},"15":{"start":{"line":7,"column":537},"end":{"line":7,"column":556}},"16":{"start":{"line":11,"column":16},"end":{"line":11,"column":45}},"17":{"start":{"line":13,"column":50},"end":{"line":13,"column":151}},"18":{"start":{"line":13,"column":92},"end":{"line":13,"column":149}},"19":{"start":{"line":15,"column":24},"end":{"line":100,"column":3}},"20":{"start":{"line":17,"column":4},"end":{"line":17,"column":45}},"21":{"start":{"line":20,"column":2},"end":{"line":97,"column":6}},"22":{"start":{"line":23,"column":23},"end":{"line":23,"column":52}},"23":{"start":{"line":24,"column":6},"end":{"line":28,"column":9}},"24":{"start":{"line":33,"column":16},"end":{"line":33,"column":34}},"25":{"start":{"line":34,"column":6},"end":{"line":39,"column":7}},"26":{"start":{"line":35,"column":8},"end":{"line":38,"column":11}},"27":{"start":{"line":40,"column":6},"end":{"line":44,"column":9}},"28":{"start":{"line":49,"column":18},"end":{"line":49,"column":76}},"29":{"start":{"line":50,"column":6},"end":{"line":55,"column":7}},"30":{"start":{"line":51,"column":8},"end":{"line":54,"column":11}},"31":{"start":{"line":56,"column":6},"end":{"line":59,"column":9}},"32":{"start":{"line":64,"column":6},"end":{"line":64,"column":67}},"33":{"start":{"line":66,"column":6},"end":{"line":69,"column":9}},"34":{"start":{"line":74,"column":20},"end":{"line":74,"column":99}},"35":{"start":{"line":75,"column":6},"end":{"line":82,"column":9}},"36":{"start":{"line":87,"column":20},"end":{"line":87,"column":101}},"37":{"start":{"line":88,"column":6},"end":{"line":95,"column":9}},"38":{"start":{"line":99,"column":2},"end":{"line":99,"column":27}},"39":{"start":{"line":102,"column":0},"end":{"line":102,"column":36}}},"fnMap":{"0":{"name":"(anonymous_0)","decl":{"start":{"line":7,"column":19},"end":{"line":7,"column":20}},"loc":{"start":{"line":7,"column":31},"end":{"line":7,"column":561}},"line":7},"1":{"name":"defineProperties","decl":{"start":{"line":7,"column":42},"end":{"line":7,"column":58}},"loc":{"start":{"line":7,"column":74},"end":{"line":7,"column":349}},"line":7},"2":{"name":"(anonymous_2)","decl":{"start":{"line":7,"column":357},"end":{"line":7,"column":358}},"loc":{"start":{"line":7,"column":405},"end":{"line":7,"column":558}},"line":7},"3":{"name":"_classCallCheck","decl":{"start":{"line":13,"column":9},"end":{"line":13,"column":24}},"loc":{"start":{"line":13,"column":48},"end":{"line":13,"column":153}},"line":13},"4":{"name":"(anonymous_4)","decl":{"start":{"line":15,"column":24},"end":{"line":15,"column":25}},"loc":{"start":{"line":15,"column":36},"end":{"line":100,"column":1}},"line":15},"5":{"name":"redflagController","decl":{"start":{"line":16,"column":11},"end":{"line":16,"column":28}},"loc":{"start":{"line":16,"column":31},"end":{"line":18,"column":3}},"line":16},"6":{"name":"create","decl":{"start":{"line":22,"column":20},"end":{"line":22,"column":26}},"loc":{"start":{"line":22,"column":37},"end":{"line":29,"column":5}},"line":22},"7":{"name":"viewredflags","decl":{"start":{"line":32,"column":20},"end":{"line":32,"column":32}},"loc":{"start":{"line":32,"column":43},"end":{"line":45,"column":5}},"line":32},"8":{"name":"viewSpecificflag","decl":{"start":{"line":48,"column":20},"end":{"line":48,"column":36}},"loc":{"start":{"line":48,"column":47},"end":{"line":60,"column":5}},"line":48},"9":{"name":"_delete","decl":{"start":{"line":63,"column":20},"end":{"line":63,"column":27}},"loc":{"start":{"line":63,"column":38},"end":{"line":70,"column":5}},"line":63},"10":{"name":"editComment","decl":{"start":{"line":73,"column":20},"end":{"line":73,"column":31}},"loc":{"start":{"line":73,"column":42},"end":{"line":83,"column":5}},"line":73},"11":{"name":"editLocation","decl":{"start":{"line":86,"column":20},"end":{"line":86,"column":32}},"loc":{"start":{"line":86,"column":43},"end":{"line":96,"column":5}},"line":86}},"branchMap":{"0":{"loc":{"start":{"line":7,"column":168},"end":{"line":7,"column":198}},"type":"binary-expr","locations":[{"start":{"line":7,"column":168},"end":{"line":7,"column":189}},{"start":{"line":7,"column":193},"end":{"line":7,"column":198}}],"line":7},"1":{"loc":{"start":{"line":7,"column":232},"end":{"line":7,"column":286}},"type":"if","locations":[{"start":{"line":7,"column":232},"end":{"line":7,"column":286}},{"start":{"line":7,"column":232},"end":{"line":7,"column":286}}],"line":7},"2":{"loc":{"start":{"line":7,"column":407},"end":{"line":7,"column":475}},"type":"if","locations":[{"start":{"line":7,"column":407},"end":{"line":7,"column":475}},{"start":{"line":7,"column":407},"end":{"line":7,"column":475}}],"line":7},"3":{"loc":{"start":{"line":7,"column":476},"end":{"line":7,"column":536}},"type":"if","locations":[{"start":{"line":7,"column":476},"end":{"line":7,"column":536}},{"start":{"line":7,"column":476},"end":{"line":7,"column":536}}],"line":7},"4":{"loc":{"start":{"line":13,"column":50},"end":{"line":13,"column":151}},"type":"if","locations":[{"start":{"line":13,"column":50},"end":{"line":13,"column":151}},{"start":{"line":13,"column":50},"end":{"line":13,"column":151}}],"line":13},"5":{"loc":{"start":{"line":34,"column":6},"end":{"line":39,"column":7}},"type":"if","locations":[{"start":{"line":34,"column":6},"end":{"line":39,"column":7}},{"start":{"line":34,"column":6},"end":{"line":39,"column":7}}],"line":34},"6":{"loc":{"start":{"line":50,"column":6},"end":{"line":55,"column":7}},"type":"if","locations":[{"start":{"line":50,"column":6},"end":{"line":55,"column":7}},{"start":{"line":50,"column":6},"end":{"line":55,"column":7}}],"line":50}},"s":{"0":1,"1":1,"2":1,"3":1,"4":6,"5":6,"6":6,"7":6,"8":6,"9":6,"10":1,"11":1,"12":0,"13":1,"14":1,"15":1,"16":1,"17":0,"18":0,"19":1,"20":0,"21":1,"22":2,"23":2,"24":2,"25":2,"26":1,"27":1,"28":2,"29":2,"30":1,"31":1,"32":1,"33":1,"34":1,"35":1,"36":1,"37":1,"38":1,"39":1},"f":{"0":1,"1":1,"2":1,"3":0,"4":1,"5":0,"6":2,"7":2,"8":2,"9":1,"10":1,"11":1},"b":{"0":[6,6],"1":[6,0],"2":[0,1],"3":[1,0],"4":[0,0],"5":[1,1],"6":[1,1]},"_coverageSchema":"43e27e138ebf9cfc5966b082cf9a028302ed4184","hash":"b67b235a0d21cf188d3ac05cac4b35a8531e791b","contentHash":"bd297c10d907d2a5fc84fdbf1b282eb7c0044fb06b62c309596913ce5ec0c32c"},"C:\\Users\\CharisUAS\\Desktop\\Broadcaster\\server\\v1\\models\\redflags.js":{"path":"C:\\Users\\CharisUAS\\Desktop\\Broadcaster\\server\\v1\\models\\redflags.js","statementMap":{"0":{"start":{"line":3,"column":0},"end":{"line":5,"column":3}},"1":{"start":{"line":6,"column":0},"end":{"line":6,"column":47}},"2":{"start":{"line":8,"column":19},"end":{"line":8,"column":563}},"3":{"start":{"line":8,"column":76},"end":{"line":8,"column":347}},"4":{"start":{"line":8,"column":89},"end":{"line":8,"column":90}},"5":{"start":{"line":8,"column":134},"end":{"line":8,"column":142}},"6":{"start":{"line":8,"column":144},"end":{"line":8,"column":199}},"7":{"start":{"line":8,"column":200},"end":{"line":8,"column":231}},"8":{"start":{"line":8,"column":232},"end":{"line":8,"column":286}},"9":{"start":{"line":8,"column":259},"end":{"line":8,"column":286}},"10":{"start":{"line":8,"column":287},"end":{"line":8,"column":345}},"11":{"start":{"line":8,"column":350},"end":{"line":8,"column":559}},"12":{"start":{"line":8,"column":407},"end":{"line":8,"column":475}},"13":{"start":{"line":8,"column":423},"end":{"line":8,"column":475}},"14":{"start":{"line":8,"column":476},"end":{"line":8,"column":536}},"15":{"start":{"line":8,"column":493},"end":{"line":8,"column":536}},"16":{"start":{"line":8,"column":537},"end":{"line":8,"column":556}},"17":{"start":{"line":11,"column":14},"end":{"line":11,"column":31}},"18":{"start":{"line":13,"column":15},"end":{"line":13,"column":46}},"19":{"start":{"line":15,"column":19},"end":{"line":15,"column":52}},"20":{"start":{"line":17,"column":20},"end":{"line":17,"column":56}},"21":{"start":{"line":19,"column":39},"end":{"line":19,"column":93}},"22":{"start":{"line":21,"column":50},"end":{"line":21,"column":151}},"23":{"start":{"line":21,"column":92},"end":{"line":21,"column":149}},"24":{"start":{"line":23,"column":15},"end":{"line":23,"column":17}},"25":{"start":{"line":25,"column":14},"end":{"line":94,"column":3}},"26":{"start":{"line":27,"column":4},"end":{"line":27,"column":35}},"27":{"start":{"line":30,"column":2},"end":{"line":91,"column":6}},"28":{"start":{"line":33,"column":22},"end":{"line":33,"column":30}},"29":{"start":{"line":34,"column":18},"end":{"line":34,"column":33}},"30":{"start":{"line":35,"column":17},"end":{"line":35,"column":31}},"31":{"start":{"line":36,"column":20},"end":{"line":36,"column":37}},"32":{"start":{"line":37,"column":21},"end":{"line":37,"column":39}},"33":{"start":{"line":38,"column":19},"end":{"line":38,"column":35}},"34":{"start":{"line":39,"column":19},"end":{"line":39,"column":35}},"35":{"start":{"line":40,"column":19},"end":{"line":40,"column":35}},"36":{"start":{"line":42,"column":15},"end":{"line":42,"column":21}},"37":{"start":{"line":43,"column":6},"end":{"line":47,"column":7}},"38":{"start":{"line":44,"column":8},"end":{"line":44,"column":15}},"39":{"start":{"line":46,"column":8},"end":{"line":46,"column":50}},"40":{"start":{"line":48,"column":23},"end":{"line":59,"column":7}},"41":{"start":{"line":60,"column":6},"end":{"line":60,"column":32}},"42":{"start":{"line":61,"column":6},"end":{"line":61,"column":24}},"43":{"start":{"line":66,"column":18},"end":{"line":68,"column":8}},"44":{"start":{"line":67,"column":8},"end":{"line":67,"column":30}},"45":{"start":{"line":69,"column":6},"end":{"line":69,"column":19}},"46":{"start":{"line":74,"column":18},"end":{"line":74,"column":38}},"47":{"start":{"line":75,"column":6},"end":{"line":75,"column":50}},"48":{"start":{"line":80,"column":18},"end":{"line":80,"column":38}},"49":{"start":{"line":81,"column":6},"end":{"line":81,"column":30}},"50":{"start":{"line":82,"column":6},"end":{"line":82,"column":19}},"51":{"start":{"line":87,"column":18},"end":{"line":87,"column":38}},"52":{"start":{"line":88,"column":6},"end":{"line":88,"column":32}},"53":{"start":{"line":89,"column":6},"end":{"line":89,"column":19}},"54":{"start":{"line":93,"column":2},"end":{"line":93,"column":17}},"55":{"start":{"line":96,"column":0},"end":{"line":96,"column":28}},"56":{"start":{"line":97,"column":0},"end":{"line":97,"column":26}}},"fnMap":{"0":{"name":"(anonymous_0)","decl":{"start":{"line":8,"column":19},"end":{"line":8,"column":20}},"loc":{"start":{"line":8,"column":31},"end":{"line":8,"column":561}},"line":8},"1":{"name":"defineProperties","decl":{"start":{"line":8,"column":42},"end":{"line":8,"column":58}},"loc":{"start":{"line":8,"column":74},"end":{"line":8,"column":349}},"line":8},"2":{"name":"(anonymous_2)","decl":{"start":{"line":8,"column":357},"end":{"line":8,"column":358}},"loc":{"start":{"line":8,"column":405},"end":{"line":8,"column":558}},"line":8},"3":{"name":"_interopRequireDefault","decl":{"start":{"line":19,"column":9},"end":{"line":19,"column":31}},"loc":{"start":{"line":19,"column":37},"end":{"line":19,"column":95}},"line":19},"4":{"name":"_classCallCheck","decl":{"start":{"line":21,"column":9},"end":{"line":21,"column":24}},"loc":{"start":{"line":21,"column":48},"end":{"line":21,"column":153}},"line":21},"5":{"name":"(anonymous_5)","decl":{"start":{"line":25,"column":14},"end":{"line":25,"column":15}},"loc":{"start":{"line":25,"column":26},"end":{"line":94,"column":1}},"line":25},"6":{"name":"redflag","decl":{"start":{"line":26,"column":11},"end":{"line":26,"column":18}},"loc":{"start":{"line":26,"column":21},"end":{"line":28,"column":3}},"line":26},"7":{"name":"create","decl":{"start":{"line":32,"column":20},"end":{"line":32,"column":26}},"loc":{"start":{"line":32,"column":32},"end":{"line":62,"column":5}},"line":32},"8":{"name":"findRedFlag","decl":{"start":{"line":65,"column":20},"end":{"line":65,"column":31}},"loc":{"start":{"line":65,"column":36},"end":{"line":70,"column":5}},"line":65},"9":{"name":"(anonymous_9)","decl":{"start":{"line":66,"column":32},"end":{"line":66,"column":33}},"loc":{"start":{"line":66,"column":48},"end":{"line":68,"column":7}},"line":66},"10":{"name":"deleteRedFlag","decl":{"start":{"line":73,"column":20},"end":{"line":73,"column":33}},"loc":{"start":{"line":73,"column":38},"end":{"line":76,"column":5}},"line":73},"11":{"name":"commentRedflag","decl":{"start":{"line":79,"column":20},"end":{"line":79,"column":34}},"loc":{"start":{"line":79,"column":48},"end":{"line":83,"column":5}},"line":79},"12":{"name":"locationRedflag","decl":{"start":{"line":86,"column":20},"end":{"line":86,"column":35}},"loc":{"start":{"line":86,"column":50},"end":{"line":90,"column":5}},"line":86}},"branchMap":{"0":{"loc":{"start":{"line":8,"column":168},"end":{"line":8,"column":198}},"type":"binary-expr","locations":[{"start":{"line":8,"column":168},"end":{"line":8,"column":189}},{"start":{"line":8,"column":193},"end":{"line":8,"column":198}}],"line":8},"1":{"loc":{"start":{"line":8,"column":232},"end":{"line":8,"column":286}},"type":"if","locations":[{"start":{"line":8,"column":232},"end":{"line":8,"column":286}},{"start":{"line":8,"column":232},"end":{"line":8,"column":286}}],"line":8},"2":{"loc":{"start":{"line":8,"column":407},"end":{"line":8,"column":475}},"type":"if","locations":[{"start":{"line":8,"column":407},"end":{"line":8,"column":475}},{"start":{"line":8,"column":407},"end":{"line":8,"column":475}}],"line":8},"3":{"loc":{"start":{"line":8,"column":476},"end":{"line":8,"column":536}},"type":"if","locations":[{"start":{"line":8,"column":476},"end":{"line":8,"column":536}},{"start":{"line":8,"column":476},"end":{"line":8,"column":536}}],"line":8},"4":{"loc":{"start":{"line":19,"column":46},"end":{"line":19,"column":92}},"type":"cond-expr","locations":[{"start":{"line":19,"column":70},"end":{"line":19,"column":73}},{"start":{"line":19,"column":76},"end":{"line":19,"column":92}}],"line":19},"5":{"loc":{"start":{"line":19,"column":46},"end":{"line":19,"column":67}},"type":"binary-expr","locations":[{"start":{"line":19,"column":46},"end":{"line":19,"column":49}},{"start":{"line":19,"column":53},"end":{"line":19,"column":67}}],"line":19},"6":{"loc":{"start":{"line":21,"column":50},"end":{"line":21,"column":151}},"type":"if","locations":[{"start":{"line":21,"column":50},"end":{"line":21,"column":151}},{"start":{"line":21,"column":50},"end":{"line":21,"column":151}}],"line":21},"7":{"loc":{"start":{"line":43,"column":6},"end":{"line":47,"column":7}},"type":"if","locations":[{"start":{"line":43,"column":6},"end":{"line":47,"column":7}},{"start":{"line":43,"column":6},"end":{"line":47,"column":7}}],"line":43}},"s":{"0":1,"1":1,"2":1,"3":1,"4":1,"5":5,"6":5,"7":5,"8":5,"9":5,"10":5,"11":1,"12":1,"13":0,"14":1,"15":1,"16":1,"17":1,"18":1,"19":1,"20":1,"21":2,"22":0,"23":0,"24":1,"25":1,"26":0,"27":1,"28":2,"29":2,"30":2,"31":2,"32":2,"33":2,"34":2,"35":2,"36":2,"37":2,"38":1,"39":1,"40":2,"41":2,"42":2,"43":15,"44":12,"45":15,"46":1,"47":1,"48":1,"49":1,"50":1,"51":1,"52":1,"53":1,"54":1,"55":1,"56":1},"f":{"0":1,"1":1,"2":1,"3":2,"4":0,"5":1,"6":0,"7":2,"8":15,"9":12,"10":1,"11":1,"12":1},"b":{"0":[5,5],"1":[5,0],"2":[0,1],"3":[1,0],"4":[1,1],"5":[2,2],"6":[0,0],"7":[1,1]},"_coverageSchema":"43e27e138ebf9cfc5966b082cf9a028302ed4184","hash":"1022f3ca81a9d0b050a8ac1f509d39c288e6614f","contentHash":"b6c543ec942a51d5342e428c56a82972117859e9a8fb78af6fb245fac7dc2e54"},"C:\\Users\\CharisUAS\\Desktop\\Broadcaster\\server\\v1\\helpers\\verifyToken.js":{"path":"C:\\Users\\CharisUAS\\Desktop\\Broadcaster\\server\\v1\\helpers\\verifyToken.js","statementMap":{"0":{"start":{"line":3,"column":0},"end":{"line":5,"column":3}},"1":{"start":{"line":7,"column":20},"end":{"line":7,"column":43}},"2":{"start":{"line":9,"column":21},"end":{"line":9,"column":58}},"3":{"start":{"line":11,"column":14},"end":{"line":11,"column":31}},"4":{"start":{"line":13,"column":15},"end":{"line":13,"column":46}},"5":{"start":{"line":15,"column":39},"end":{"line":15,"column":93}},"6":{"start":{"line":19,"column":0},"end":{"line":19,"column":26}},"7":{"start":{"line":20,"column":18},"end":{"line":33,"column":1}},"8":{"start":{"line":21,"column":2},"end":{"line":32,"column":3}},"9":{"start":{"line":22,"column":22},"end":{"line":22,"column":75}},"10":{"start":{"line":23,"column":16},"end":{"line":23,"column":33}},"11":{"start":{"line":25,"column":4},"end":{"line":25,"column":17}},"12":{"start":{"line":28,"column":4},"end":{"line":31,"column":7}},"13":{"start":{"line":35,"column":0},"end":{"line":35,"column":30}}},"fnMap":{"0":{"name":"_interopRequireDefault","decl":{"start":{"line":15,"column":9},"end":{"line":15,"column":31}},"loc":{"start":{"line":15,"column":37},"end":{"line":15,"column":95}},"line":15},"1":{"name":"decodeToken","decl":{"start":{"line":20,"column":27},"end":{"line":20,"column":38}},"loc":{"start":{"line":20,"column":46},"end":{"line":33,"column":1}},"line":20}},"branchMap":{"0":{"loc":{"start":{"line":15,"column":46},"end":{"line":15,"column":92}},"type":"cond-expr","locations":[{"start":{"line":15,"column":70},"end":{"line":15,"column":73}},{"start":{"line":15,"column":76},"end":{"line":15,"column":92}}],"line":15},"1":{"loc":{"start":{"line":15,"column":46},"end":{"line":15,"column":67}},"type":"binary-expr","locations":[{"start":{"line":15,"column":46},"end":{"line":15,"column":49}},{"start":{"line":15,"column":53},"end":{"line":15,"column":67}}],"line":15}},"s":{"0":1,"1":1,"2":1,"3":1,"4":1,"5":2,"6":1,"7":1,"8":12,"9":12,"10":12,"11":12,"12":0,"13":1},"f":{"0":2,"1":12},"b":{"0":[0,2],"1":[2,2]},"_coverageSchema":"43e27e138ebf9cfc5966b082cf9a028302ed4184","hash":"42a7017c91a02e07c355ce9344a141e3b689151f","contentHash":"c38897e5b7d582c43d8cf1b7e59fea0e47b340d6eb015db10fc3b99bdfdd24be"},"C:\\Users\\CharisUAS\\Desktop\\Broadcaster\\server\\v1\\middlewares\\token.js":{"path":"C:\\Users\\CharisUAS\\Desktop\\Broadcaster\\server\\v1\\middlewares\\token.js","statementMap":{"0":{"start":{"line":3,"column":0},"end":{"line":5,"column":3}},"1":{"start":{"line":7,"column":20},"end":{"line":7,"column":43}},"2":{"start":{"line":9,"column":21},"end":{"line":9,"column":58}},"3":{"start":{"line":11,"column":13},"end":{"line":11,"column":39}},"4":{"start":{"line":13,"column":39},"end":{"line":13,"column":93}},"5":{"start":{"line":18,"column":17},"end":{"line":47,"column":1}},"6":{"start":{"line":19,"column":2},"end":{"line":46,"column":3}},"7":{"start":{"line":20,"column":20},"end":{"line":20,"column":39}},"8":{"start":{"line":21,"column":4},"end":{"line":26,"column":5}},"9":{"start":{"line":22,"column":6},"end":{"line":25,"column":9}},"10":{"start":{"line":28,"column":22},"end":{"line":28,"column":89}},"11":{"start":{"line":29,"column":16},"end":{"line":29,"column":33}},"12":{"start":{"line":31,"column":19},"end":{"line":33,"column":6}},"13":{"start":{"line":32,"column":6},"end":{"line":32,"column":34}},"14":{"start":{"line":34,"column":4},"end":{"line":39,"column":5}},"15":{"start":{"line":35,"column":6},"end":{"line":38,"column":9}},"16":{"start":{"line":40,"column":4},"end":{"line":40,"column":11}},"17":{"start":{"line":42,"column":4},"end":{"line":45,"column":7}},"18":{"start":{"line":48,"column":0},"end":{"line":48,"column":29}}},"fnMap":{"0":{"name":"_interopRequireDefault","decl":{"start":{"line":13,"column":9},"end":{"line":13,"column":31}},"loc":{"start":{"line":13,"column":37},"end":{"line":13,"column":95}},"line":13},"1":{"name":"checkToken","decl":{"start":{"line":18,"column":26},"end":{"line":18,"column":36}},"loc":{"start":{"line":18,"column":53},"end":{"line":47,"column":1}},"line":18},"2":{"name":"(anonymous_2)","decl":{"start":{"line":31,"column":37},"end":{"line":31,"column":38}},"loc":{"start":{"line":31,"column":53},"end":{"line":33,"column":5}},"line":31}},"branchMap":{"0":{"loc":{"start":{"line":13,"column":46},"end":{"line":13,"column":92}},"type":"cond-expr","locations":[{"start":{"line":13,"column":70},"end":{"line":13,"column":73}},{"start":{"line":13,"column":76},"end":{"line":13,"column":92}}],"line":13},"1":{"loc":{"start":{"line":13,"column":46},"end":{"line":13,"column":67}},"type":"binary-expr","locations":[{"start":{"line":13,"column":46},"end":{"line":13,"column":49}},{"start":{"line":13,"column":53},"end":{"line":13,"column":67}}],"line":13},"2":{"loc":{"start":{"line":21,"column":4},"end":{"line":26,"column":5}},"type":"if","locations":[{"start":{"line":21,"column":4},"end":{"line":26,"column":5}},{"start":{"line":21,"column":4},"end":{"line":26,"column":5}}],"line":21},"3":{"loc":{"start":{"line":34,"column":4},"end":{"line":39,"column":5}},"type":"if","locations":[{"start":{"line":34,"column":4},"end":{"line":39,"column":5}},{"start":{"line":34,"column":4},"end":{"line":39,"column":5}}],"line":34}},"s":{"0":1,"1":1,"2":1,"3":1,"4":1,"5":1,"6":17,"7":17,"8":17,"9":1,"10":16,"11":14,"12":14,"13":14,"14":14,"15":1,"16":13,"17":2,"18":1},"f":{"0":1,"1":17,"2":14},"b":{"0":[0,1],"1":[1,1],"2":[1,16],"3":[1,13]},"_coverageSchema":"43e27e138ebf9cfc5966b082cf9a028302ed4184","hash":"5922bb9e09dde7e7f834b1314dbf0b721d0f7716","contentHash":"a0ce0430d33e1cdd440b43d4eb423068c16c11b8bd9fe41764946f2f32a339ce"},"C:\\Users\\CharisUAS\\Desktop\\Broadcaster\\server\\v1\\middlewares\\owner.js":{"path":"C:\\Users\\CharisUAS\\Desktop\\Broadcaster\\server\\v1\\middlewares\\owner.js","statementMap":{"0":{"start":{"line":3,"column":0},"end":{"line":5,"column":3}},"1":{"start":{"line":7,"column":19},"end":{"line":7,"column":52}},"2":{"start":{"line":9,"column":20},"end":{"line":9,"column":56}},"3":{"start":{"line":11,"column":16},"end":{"line":11,"column":45}},"4":{"start":{"line":13,"column":39},"end":{"line":13,"column":93}},"5":{"start":{"line":17,"column":13},"end":{"line":37,"column":1}},"6":{"start":{"line":18,"column":14},"end":{"line":18,"column":61}},"7":{"start":{"line":19,"column":11},"end":{"line":19,"column":38}},"8":{"start":{"line":20,"column":21},"end":{"line":20,"column":54}},"9":{"start":{"line":21,"column":2},"end":{"line":26,"column":3}},"10":{"start":{"line":22,"column":4},"end":{"line":25,"column":7}},"11":{"start":{"line":27,"column":14},"end":{"line":29,"column":4}},"12":{"start":{"line":28,"column":4},"end":{"line":28,"column":36}},"13":{"start":{"line":30,"column":2},"end":{"line":35,"column":3}},"14":{"start":{"line":31,"column":4},"end":{"line":34,"column":7}},"15":{"start":{"line":36,"column":2},"end":{"line":36,"column":9}},"16":{"start":{"line":39,"column":0},"end":{"line":39,"column":25}}},"fnMap":{"0":{"name":"_interopRequireDefault","decl":{"start":{"line":13,"column":9},"end":{"line":13,"column":31}},"loc":{"start":{"line":13,"column":37},"end":{"line":13,"column":95}},"line":13},"1":{"name":"access","decl":{"start":{"line":17,"column":28},"end":{"line":17,"column":34}},"loc":{"start":{"line":17,"column":51},"end":{"line":37,"column":1}},"line":17},"2":{"name":"(anonymous_2)","decl":{"start":{"line":27,"column":38},"end":{"line":27,"column":39}},"loc":{"start":{"line":27,"column":54},"end":{"line":29,"column":3}},"line":27}},"branchMap":{"0":{"loc":{"start":{"line":13,"column":46},"end":{"line":13,"column":92}},"type":"cond-expr","locations":[{"start":{"line":13,"column":70},"end":{"line":13,"column":73}},{"start":{"line":13,"column":76},"end":{"line":13,"column":92}}],"line":13},"1":{"loc":{"start":{"line":13,"column":46},"end":{"line":13,"column":67}},"type":"binary-expr","locations":[{"start":{"line":13,"column":46},"end":{"line":13,"column":49}},{"start":{"line":13,"column":53},"end":{"line":13,"column":67}}],"line":13},"2":{"loc":{"start":{"line":21,"column":2},"end":{"line":26,"column":3}},"type":"if","locations":[{"start":{"line":21,"column":2},"end":{"line":26,"column":3}},{"start":{"line":21,"column":2},"end":{"line":26,"column":3}}],"line":21},"3":{"loc":{"start":{"line":30,"column":2},"end":{"line":35,"column":3}},"type":"if","locations":[{"start":{"line":30,"column":2},"end":{"line":35,"column":3}},{"start":{"line":30,"column":2},"end":{"line":35,"column":3}}],"line":30}},"s":{"0":1,"1":1,"2":1,"3":1,"4":1,"5":1,"6":10,"7":10,"8":10,"9":10,"10":4,"11":6,"12":7,"13":6,"14":1,"15":5,"16":1},"f":{"0":1,"1":10,"2":7},"b":{"0":[1,0],"1":[1,1],"2":[4,6],"3":[1,5]},"_coverageSchema":"43e27e138ebf9cfc5966b082cf9a028302ed4184","hash":"72b4f63bae6067ee1ff83f1507e4d2ee9dc89f3d","contentHash":"242d3806d00dd0f99026b6d5d4ad467dac088d91c786eebab267bd7a01d0211e"},"C:\\Users\\CharisUAS\\Desktop\\Broadcaster\\server\\v2\\routes\\routes.js":{"path":"C:\\Users\\CharisUAS\\Desktop\\Broadcaster\\server\\v2\\routes\\routes.js","statementMap":{"0":{"start":{"line":3,"column":0},"end":{"line":5,"column":3}},"1":{"start":{"line":7,"column":15},"end":{"line":7,"column":33}},"2":{"start":{"line":9,"column":16},"end":{"line":9,"column":48}},"3":{"start":{"line":11,"column":18},"end":{"line":11,"column":53}},"4":{"start":{"line":13,"column":22},"end":{"line":13,"column":62}},"5":{"start":{"line":15,"column":23},"end":{"line":15,"column":62}},"6":{"start":{"line":17,"column":25},"end":{"line":17,"column":68}},"7":{"start":{"line":19,"column":26},"end":{"line":19,"column":68}},"8":{"start":{"line":21,"column":13},"end":{"line":21,"column":43}},"9":{"start":{"line":23,"column":14},"end":{"line":23,"column":44}},"10":{"start":{"line":25,"column":13},"end":{"line":25,"column":43}},"11":{"start":{"line":27,"column":14},"end":{"line":27,"column":44}},"12":{"start":{"line":29,"column":15},"end":{"line":29,"column":47}},"13":{"start":{"line":31,"column":16},"end":{"line":31,"column":48}},"14":{"start":{"line":33,"column":39},"end":{"line":33,"column":93}},"15":{"start":{"line":35,"column":12},"end":{"line":35,"column":36}},"16":{"start":{"line":38,"column":0},"end":{"line":38,"column":87}},"17":{"start":{"line":39,"column":0},"end":{"line":39,"column":87}},"18":{"start":{"line":40,"column":0},"end":{"line":40,"column":112}},"19":{"start":{"line":41,"column":0},"end":{"line":41,"column":73}},"20":{"start":{"line":42,"column":0},"end":{"line":42,"column":81}},"21":{"start":{"line":43,"column":0},"end":{"line":43,"column":108}},"22":{"start":{"line":44,"column":0},"end":{"line":44,"column":148}},"23":{"start":{"line":45,"column":0},"end":{"line":45,"column":145}},"24":{"start":{"line":46,"column":0},"end":{"line":46,"column":127}},"25":{"start":{"line":48,"column":0},"end":{"line":48,"column":24}}},"fnMap":{"0":{"name":"_interopRequireDefault","decl":{"start":{"line":33,"column":9},"end":{"line":33,"column":31}},"loc":{"start":{"line":33,"column":37},"end":{"line":33,"column":95}},"line":33}},"branchMap":{"0":{"loc":{"start":{"line":33,"column":46},"end":{"line":33,"column":92}},"type":"cond-expr","locations":[{"start":{"line":33,"column":70},"end":{"line":33,"column":73}},{"start":{"line":33,"column":76},"end":{"line":33,"column":92}}],"line":33},"1":{"loc":{"start":{"line":33,"column":46},"end":{"line":33,"column":67}},"type":"binary-expr","locations":[{"start":{"line":33,"column":46},"end":{"line":33,"column":49}},{"start":{"line":33,"column":53},"end":{"line":33,"column":67}}],"line":33}},"s":{"0":1,"1":1,"2":1,"3":1,"4":1,"5":1,"6":1,"7":1,"8":1,"9":1,"10":1,"11":1,"12":1,"13":1,"14":6,"15":1,"16":1,"17":1,"18":1,"19":1,"20":1,"21":1,"22":1,"23":1,"24":1,"25":1},"f":{"0":6},"b":{"0":[5,1],"1":[6,6]},"_coverageSchema":"43e27e138ebf9cfc5966b082cf9a028302ed4184","hash":"b3d7158ffd8e72d55cd7469f65834ea4728b454d","contentHash":"a62426ba24979a5edc047b1c2da4df1cc867438c0cbb981680678d73a08ed176"},"C:\\Users\\CharisUAS\\Desktop\\Broadcaster\\server\\v2\\middleware\\validation.js":{"path":"C:\\Users\\CharisUAS\\Desktop\\Broadcaster\\server\\v2\\middleware\\validation.js","statementMap":{"0":{"start":{"line":3,"column":0},"end":{"line":5,"column":3}},"1":{"start":{"line":6,"column":0},"end":{"line":6,"column":134}},"2":{"start":{"line":8,"column":11},"end":{"line":8,"column":31}},"3":{"start":{"line":10,"column":12},"end":{"line":10,"column":40}},"4":{"start":{"line":12,"column":39},"end":{"line":12,"column":93}},"5":{"start":{"line":14,"column":13},"end":{"line":32,"column":1}},"6":{"start":{"line":15,"column":15},"end":{"line":22,"column":3}},"7":{"start":{"line":23,"column":15},"end":{"line":23,"column":55}},"8":{"start":{"line":24,"column":2},"end":{"line":29,"column":3}},"9":{"start":{"line":25,"column":4},"end":{"line":28,"column":7}},"10":{"start":{"line":30,"column":2},"end":{"line":30,"column":20}},"11":{"start":{"line":31,"column":2},"end":{"line":31,"column":9}},"12":{"start":{"line":34,"column":13},"end":{"line":47,"column":1}},"13":{"start":{"line":35,"column":15},"end":{"line":38,"column":3}},"14":{"start":{"line":39,"column":15},"end":{"line":39,"column":55}},"15":{"start":{"line":40,"column":2},"end":{"line":45,"column":3}},"16":{"start":{"line":41,"column":4},"end":{"line":44,"column":7}},"17":{"start":{"line":46,"column":2},"end":{"line":46,"column":9}},"18":{"start":{"line":48,"column":20},"end":{"line":64,"column":1}},"19":{"start":{"line":49,"column":15},"end":{"line":55,"column":3}},"20":{"start":{"line":56,"column":15},"end":{"line":56,"column":55}},"21":{"start":{"line":57,"column":2},"end":{"line":62,"column":3}},"22":{"start":{"line":58,"column":4},"end":{"line":61,"column":7}},"23":{"start":{"line":63,"column":2},"end":{"line":63,"column":9}},"24":{"start":{"line":65,"column":18},"end":{"line":77,"column":1}},"25":{"start":{"line":66,"column":15},"end":{"line":68,"column":3}},"26":{"start":{"line":69,"column":15},"end":{"line":69,"column":55}},"27":{"start":{"line":70,"column":2},"end":{"line":75,"column":3}},"28":{"start":{"line":71,"column":4},"end":{"line":74,"column":7}},"29":{"start":{"line":76,"column":2},"end":{"line":76,"column":9}},"30":{"start":{"line":78,"column":19},"end":{"line":90,"column":1}},"31":{"start":{"line":79,"column":15},"end":{"line":81,"column":3}},"32":{"start":{"line":82,"column":15},"end":{"line":82,"column":55}},"33":{"start":{"line":83,"column":2},"end":{"line":88,"column":3}},"34":{"start":{"line":84,"column":4},"end":{"line":87,"column":7}},"35":{"start":{"line":89,"column":2},"end":{"line":89,"column":9}},"36":{"start":{"line":91,"column":17},"end":{"line":103,"column":1}},"37":{"start":{"line":92,"column":15},"end":{"line":94,"column":3}},"38":{"start":{"line":95,"column":15},"end":{"line":95,"column":55}},"39":{"start":{"line":96,"column":2},"end":{"line":101,"column":3}},"40":{"start":{"line":97,"column":4},"end":{"line":100,"column":7}},"41":{"start":{"line":102,"column":2},"end":{"line":102,"column":9}},"42":{"start":{"line":104,"column":0},"end":{"line":104,"column":24}},"43":{"start":{"line":105,"column":0},"end":{"line":105,"column":24}},"44":{"start":{"line":106,"column":0},"end":{"line":106,"column":38}},"45":{"start":{"line":107,"column":0},"end":{"line":107,"column":34}},"46":{"start":{"line":108,"column":0},"end":{"line":108,"column":36}},"47":{"start":{"line":109,"column":0},"end":{"line":109,"column":32}}},"fnMap":{"0":{"name":"_interopRequireDefault","decl":{"start":{"line":12,"column":9},"end":{"line":12,"column":31}},"loc":{"start":{"line":12,"column":37},"end":{"line":12,"column":95}},"line":12},"1":{"name":"signUp","decl":{"start":{"line":14,"column":22},"end":{"line":14,"column":28}},"loc":{"start":{"line":14,"column":45},"end":{"line":32,"column":1}},"line":14},"2":{"name":"signIn","decl":{"start":{"line":34,"column":22},"end":{"line":34,"column":28}},"loc":{"start":{"line":34,"column":45},"end":{"line":47,"column":1}},"line":34},"3":{"name":"createRedflag","decl":{"start":{"line":48,"column":29},"end":{"line":48,"column":42}},"loc":{"start":{"line":48,"column":59},"end":{"line":64,"column":1}},"line":48},"4":{"name":"editcomment","decl":{"start":{"line":65,"column":27},"end":{"line":65,"column":38}},"loc":{"start":{"line":65,"column":55},"end":{"line":77,"column":1}},"line":65},"5":{"name":"editlocation","decl":{"start":{"line":78,"column":28},"end":{"line":78,"column":40}},"loc":{"start":{"line":78,"column":57},"end":{"line":90,"column":1}},"line":78},"6":{"name":"editStatus","decl":{"start":{"line":91,"column":26},"end":{"line":91,"column":36}},"loc":{"start":{"line":91,"column":53},"end":{"line":103,"column":1}},"line":91}},"branchMap":{"0":{"loc":{"start":{"line":12,"column":46},"end":{"line":12,"column":92}},"type":"cond-expr","locations":[{"start":{"line":12,"column":70},"end":{"line":12,"column":73}},{"start":{"line":12,"column":76},"end":{"line":12,"column":92}}],"line":12},"1":{"loc":{"start":{"line":12,"column":46},"end":{"line":12,"column":67}},"type":"binary-expr","locations":[{"start":{"line":12,"column":46},"end":{"line":12,"column":49}},{"start":{"line":12,"column":53},"end":{"line":12,"column":67}}],"line":12},"2":{"loc":{"start":{"line":24,"column":2},"end":{"line":29,"column":3}},"type":"if","locations":[{"start":{"line":24,"column":2},"end":{"line":29,"column":3}},{"start":{"line":24,"column":2},"end":{"line":29,"column":3}}],"line":24},"3":{"loc":{"start":{"line":40,"column":2},"end":{"line":45,"column":3}},"type":"if","locations":[{"start":{"line":40,"column":2},"end":{"line":45,"column":3}},{"start":{"line":40,"column":2},"end":{"line":45,"column":3}}],"line":40},"4":{"loc":{"start":{"line":57,"column":2},"end":{"line":62,"column":3}},"type":"if","locations":[{"start":{"line":57,"column":2},"end":{"line":62,"column":3}},{"start":{"line":57,"column":2},"end":{"line":62,"column":3}}],"line":57},"5":{"loc":{"start":{"line":70,"column":2},"end":{"line":75,"column":3}},"type":"if","locations":[{"start":{"line":70,"column":2},"end":{"line":75,"column":3}},{"start":{"line":70,"column":2},"end":{"line":75,"column":3}}],"line":70},"6":{"loc":{"start":{"line":83,"column":2},"end":{"line":88,"column":3}},"type":"if","locations":[{"start":{"line":83,"column":2},"end":{"line":88,"column":3}},{"start":{"line":83,"column":2},"end":{"line":88,"column":3}}],"line":83},"7":{"loc":{"start":{"line":96,"column":2},"end":{"line":101,"column":3}},"type":"if","locations":[{"start":{"line":96,"column":2},"end":{"line":101,"column":3}},{"start":{"line":96,"column":2},"end":{"line":101,"column":3}}],"line":96}},"s":{"0":1,"1":1,"2":1,"3":1,"4":1,"5":1,"6":4,"7":4,"8":4,"9":1,"10":3,"11":3,"12":1,"13":6,"14":6,"15":6,"16":1,"17":5,"18":1,"19":3,"20":3,"21":3,"22":1,"23":2,"24":1,"25":2,"26":2,"27":2,"28":1,"29":1,"30":1,"31":2,"32":2,"33":2,"34":1,"35":1,"36":1,"37":2,"38":2,"39":2,"40":1,"41":1,"42":1,"43":1,"44":1,"45":1,"46":1,"47":1},"f":{"0":1,"1":4,"2":6,"3":3,"4":2,"5":2,"6":2},"b":{"0":[0,1],"1":[1,1],"2":[1,3],"3":[1,5],"4":[1,2],"5":[1,1],"6":[1,1],"7":[1,1]},"_coverageSchema":"43e27e138ebf9cfc5966b082cf9a028302ed4184","hash":"ad19c1c9f04efdc87f61982df6058cb34033a8b1","contentHash":"9a3652bf70a9dcdbdd3083f1a31b10b561df2bf17e05c3029287e73fce05d092"},"C:\\Users\\CharisUAS\\Desktop\\Broadcaster\\server\\v2\\controllers\\userController.js":{"path":"C:\\Users\\CharisUAS\\Desktop\\Broadcaster\\server\\v2\\controllers\\userController.js","statementMap":{"0":{"start":{"line":3,"column":0},"end":{"line":5,"column":3}},"1":{"start":{"line":7,"column":19},"end":{"line":7,"column":563}},"2":{"start":{"line":7,"column":76},"end":{"line":7,"column":347}},"3":{"start":{"line":7,"column":89},"end":{"line":7,"column":90}},"4":{"start":{"line":7,"column":134},"end":{"line":7,"column":142}},"5":{"start":{"line":7,"column":144},"end":{"line":7,"column":199}},"6":{"start":{"line":7,"column":200},"end":{"line":7,"column":231}},"7":{"start":{"line":7,"column":232},"end":{"line":7,"column":286}},"8":{"start":{"line":7,"column":259},"end":{"line":7,"column":286}},"9":{"start":{"line":7,"column":287},"end":{"line":7,"column":345}},"10":{"start":{"line":7,"column":350},"end":{"line":7,"column":559}},"11":{"start":{"line":7,"column":407},"end":{"line":7,"column":475}},"12":{"start":{"line":7,"column":423},"end":{"line":7,"column":475}},"13":{"start":{"line":7,"column":476},"end":{"line":7,"column":536}},"14":{"start":{"line":7,"column":493},"end":{"line":7,"column":536}},"15":{"start":{"line":7,"column":537},"end":{"line":7,"column":556}},"16":{"start":{"line":10,"column":16},"end":{"line":10,"column":35}},"17":{"start":{"line":12,"column":17},"end":{"line":12,"column":50}},"18":{"start":{"line":14,"column":18},"end":{"line":14,"column":45}},"19":{"start":{"line":16,"column":19},"end":{"line":16,"column":54}},"20":{"start":{"line":18,"column":13},"end":{"line":18,"column":39}},"21":{"start":{"line":20,"column":14},"end":{"line":20,"column":44}},"22":{"start":{"line":22,"column":19},"end":{"line":22,"column":52}},"23":{"start":{"line":24,"column":20},"end":{"line":24,"column":56}},"24":{"start":{"line":26,"column":39},"end":{"line":26,"column":93}},"25":{"start":{"line":28,"column":50},"end":{"line":28,"column":151}},"26":{"start":{"line":28,"column":92},"end":{"line":28,"column":149}},"27":{"start":{"line":30,"column":21},"end":{"line":100,"column":3}},"28":{"start":{"line":32,"column":4},"end":{"line":32,"column":42}},"29":{"start":{"line":35,"column":2},"end":{"line":97,"column":6}},"30":{"start":{"line":38,"column":22},"end":{"line":38,"column":30}},"31":{"start":{"line":39,"column":22},"end":{"line":39,"column":41}},"32":{"start":{"line":40,"column":21},"end":{"line":40,"column":39}},"33":{"start":{"line":41,"column":18},"end":{"line":41,"column":33}},"34":{"start":{"line":42,"column":24},"end":{"line":42,"column":45}},"35":{"start":{"line":43,"column":21},"end":{"line":43,"column":39}},"36":{"start":{"line":44,"column":21},"end":{"line":44,"column":39}},"37":{"start":{"line":46,"column":19},"end":{"line":46,"column":60}},"38":{"start":{"line":47,"column":17},"end":{"line":47,"column":23}},"39":{"start":{"line":48,"column":20},"end":{"line":48,"column":147}},"40":{"start":{"line":49,"column":21},"end":{"line":49,"column":88}},"41":{"start":{"line":50,"column":24},"end":{"line":50,"column":45}},"42":{"start":{"line":51,"column":6},"end":{"line":65,"column":7}},"43":{"start":{"line":52,"column":8},"end":{"line":64,"column":11}},"44":{"start":{"line":66,"column":6},"end":{"line":69,"column":9}},"45":{"start":{"line":74,"column":23},"end":{"line":74,"column":31}},"46":{"start":{"line":75,"column":18},"end":{"line":75,"column":34}},"47":{"start":{"line":76,"column":21},"end":{"line":76,"column":40}},"48":{"start":{"line":78,"column":21},"end":{"line":78,"column":88}},"49":{"start":{"line":79,"column":6},"end":{"line":84,"column":7}},"50":{"start":{"line":80,"column":8},"end":{"line":83,"column":11}},"51":{"start":{"line":85,"column":6},"end":{"line":91,"column":7}},"52":{"start":{"line":86,"column":8},"end":{"line":90,"column":11}},"53":{"start":{"line":92,"column":6},"end":{"line":95,"column":9}},"54":{"start":{"line":99,"column":2},"end":{"line":99,"column":24}},"55":{"start":{"line":102,"column":0},"end":{"line":102,"column":33}}},"fnMap":{"0":{"name":"(anonymous_0)","decl":{"start":{"line":7,"column":19},"end":{"line":7,"column":20}},"loc":{"start":{"line":7,"column":31},"end":{"line":7,"column":561}},"line":7},"1":{"name":"defineProperties","decl":{"start":{"line":7,"column":42},"end":{"line":7,"column":58}},"loc":{"start":{"line":7,"column":74},"end":{"line":7,"column":349}},"line":7},"2":{"name":"(anonymous_2)","decl":{"start":{"line":7,"column":357},"end":{"line":7,"column":358}},"loc":{"start":{"line":7,"column":405},"end":{"line":7,"column":558}},"line":7},"3":{"name":"_interopRequireDefault","decl":{"start":{"line":26,"column":9},"end":{"line":26,"column":31}},"loc":{"start":{"line":26,"column":37},"end":{"line":26,"column":95}},"line":26},"4":{"name":"_classCallCheck","decl":{"start":{"line":28,"column":9},"end":{"line":28,"column":24}},"loc":{"start":{"line":28,"column":48},"end":{"line":28,"column":153}},"line":28},"5":{"name":"(anonymous_5)","decl":{"start":{"line":30,"column":21},"end":{"line":30,"column":22}},"loc":{"start":{"line":30,"column":33},"end":{"line":100,"column":1}},"line":30},"6":{"name":"userController","decl":{"start":{"line":31,"column":11},"end":{"line":31,"column":25}},"loc":{"start":{"line":31,"column":28},"end":{"line":33,"column":3}},"line":31},"7":{"name":"signup","decl":{"start":{"line":37,"column":26},"end":{"line":37,"column":32}},"loc":{"start":{"line":37,"column":43},"end":{"line":70,"column":5}},"line":37},"8":{"name":"signin","decl":{"start":{"line":73,"column":26},"end":{"line":73,"column":32}},"loc":{"start":{"line":73,"column":43},"end":{"line":96,"column":5}},"line":73}},"branchMap":{"0":{"loc":{"start":{"line":7,"column":168},"end":{"line":7,"column":198}},"type":"binary-expr","locations":[{"start":{"line":7,"column":168},"end":{"line":7,"column":189}},{"start":{"line":7,"column":193},"end":{"line":7,"column":198}}],"line":7},"1":{"loc":{"start":{"line":7,"column":232},"end":{"line":7,"column":286}},"type":"if","locations":[{"start":{"line":7,"column":232},"end":{"line":7,"column":286}},{"start":{"line":7,"column":232},"end":{"line":7,"column":286}}],"line":7},"2":{"loc":{"start":{"line":7,"column":407},"end":{"line":7,"column":475}},"type":"if","locations":[{"start":{"line":7,"column":407},"end":{"line":7,"column":475}},{"start":{"line":7,"column":407},"end":{"line":7,"column":475}}],"line":7},"3":{"loc":{"start":{"line":7,"column":476},"end":{"line":7,"column":536}},"type":"if","locations":[{"start":{"line":7,"column":476},"end":{"line":7,"column":536}},{"start":{"line":7,"column":476},"end":{"line":7,"column":536}}],"line":7},"4":{"loc":{"start":{"line":26,"column":46},"end":{"line":26,"column":92}},"type":"cond-expr","locations":[{"start":{"line":26,"column":70},"end":{"line":26,"column":73}},{"start":{"line":26,"column":76},"end":{"line":26,"column":92}}],"line":26},"5":{"loc":{"start":{"line":26,"column":46},"end":{"line":26,"column":67}},"type":"binary-expr","locations":[{"start":{"line":26,"column":46},"end":{"line":26,"column":49}},{"start":{"line":26,"column":53},"end":{"line":26,"column":67}}],"line":26},"6":{"loc":{"start":{"line":28,"column":50},"end":{"line":28,"column":151}},"type":"if","locations":[{"start":{"line":28,"column":50},"end":{"line":28,"column":151}},{"start":{"line":28,"column":50},"end":{"line":28,"column":151}}],"line":28},"7":{"loc":{"start":{"line":51,"column":6},"end":{"line":65,"column":7}},"type":"if","locations":[{"start":{"line":51,"column":6},"end":{"line":65,"column":7}},{"start":{"line":51,"column":6},"end":{"line":65,"column":7}}],"line":51},"8":{"loc":{"start":{"line":79,"column":6},"end":{"line":84,"column":7}},"type":"if","locations":[{"start":{"line":79,"column":6},"end":{"line":84,"column":7}},{"start":{"line":79,"column":6},"end":{"line":84,"column":7}}],"line":79},"9":{"loc":{"start":{"line":85,"column":6},"end":{"line":91,"column":7}},"type":"if","locations":[{"start":{"line":85,"column":6},"end":{"line":91,"column":7}},{"start":{"line":85,"column":6},"end":{"line":91,"column":7}}],"line":85},"10":{"loc":{"start":{"line":85,"column":10},"end":{"line":85,"column":119}},"type":"binary-expr","locations":[{"start":{"line":85,"column":10},"end":{"line":85,"column":77}},{"start":{"line":85,"column":81},"end":{"line":85,"column":119}}],"line":85}},"s":{"0":1,"1":1,"2":1,"3":1,"4":2,"5":2,"6":2,"7":2,"8":2,"9":2,"10":1,"11":1,"12":0,"13":1,"14":1,"15":1,"16":1,"17":1,"18":1,"19":1,"20":1,"21":1,"22":1,"23":1,"24":4,"25":0,"26":0,"27":1,"28":0,"29":1,"30":3,"31":3,"32":3,"33":3,"34":3,"35":3,"36":3,"37":3,"38":3,"39":3,"40":3,"41":3,"42":3,"43":2,"44":1,"45":5,"46":5,"47":5,"48":5,"49":5,"50":1,"51":4,"52":3,"53":1,"54":1,"55":1},"f":{"0":1,"1":1,"2":1,"3":4,"4":0,"5":1,"6":0,"7":3,"8":5},"b":{"0":[2,2],"1":[2,0],"2":[0,1],"3":[1,0],"4":[3,1],"5":[4,4],"6":[0,0],"7":[2,1],"8":[1,4],"9":[3,1],"10":[4,2]},"_coverageSchema":"43e27e138ebf9cfc5966b082cf9a028302ed4184","hash":"7cef479dda2f6d53f34220229adc18bbf12d1d9f","contentHash":"02a99278f3a8658426d066ba34ae9b9ce11ea76fb69749c535716b0dd702fe95"},"C:\\Users\\CharisUAS\\Desktop\\Broadcaster\\server\\v2\\db\\connection.js":{"path":"C:\\Users\\CharisUAS\\Desktop\\Broadcaster\\server\\v2\\db\\connection.js","statementMap":{"0":{"start":{"line":3,"column":0},"end":{"line":5,"column":3}},"1":{"start":{"line":7,"column":10},"end":{"line":7,"column":23}},"2":{"start":{"line":9,"column":14},"end":{"line":9,"column":31}},"3":{"start":{"line":11,"column":15},"end":{"line":11,"column":46}},"4":{"start":{"line":13,"column":39},"end":{"line":13,"column":93}},"5":{"start":{"line":17,"column":0},"end":{"line":17,"column":26}},"6":{"start":{"line":18,"column":11},"end":{"line":18,"column":17}},"7":{"start":{"line":20,"column":0},"end":{"line":28,"column":1}},"8":{"start":{"line":21,"column":2},"end":{"line":23,"column":5}},"9":{"start":{"line":30,"column":0},"end":{"line":30,"column":23}}},"fnMap":{"0":{"name":"_interopRequireDefault","decl":{"start":{"line":13,"column":9},"end":{"line":13,"column":31}},"loc":{"start":{"line":13,"column":37},"end":{"line":13,"column":95}},"line":13}},"branchMap":{"0":{"loc":{"start":{"line":13,"column":46},"end":{"line":13,"column":92}},"type":"cond-expr","locations":[{"start":{"line":13,"column":70},"end":{"line":13,"column":73}},{"start":{"line":13,"column":76},"end":{"line":13,"column":92}}],"line":13},"1":{"loc":{"start":{"line":13,"column":46},"end":{"line":13,"column":67}},"type":"binary-expr","locations":[{"start":{"line":13,"column":46},"end":{"line":13,"column":49}},{"start":{"line":13,"column":53},"end":{"line":13,"column":67}}],"line":13},"2":{"loc":{"start":{"line":20,"column":0},"end":{"line":28,"column":1}},"type":"if","locations":[{"start":{"line":20,"column":0},"end":{"line":28,"column":1}}],"line":20}},"s":{"0":1,"1":1,"2":1,"3":1,"4":1,"5":1,"6":1,"7":1,"8":1,"9":1},"f":{"0":1},"b":{"0":[0,1],"1":[1,1],"2":[1]},"_coverageSchema":"43e27e138ebf9cfc5966b082cf9a028302ed4184","hash":"c0fa130e20a02ddeec754f46579c615d3e1a13d1","contentHash":"ae7dfbd5c95da2b31d680697f2909d2d26c97087d0d939cd22e7fcb6ef69b1dc"},"C:\\Users\\CharisUAS\\Desktop\\Broadcaster\\server\\v2\\models\\users.js":{"path":"C:\\Users\\CharisUAS\\Desktop\\Broadcaster\\server\\v2\\models\\users.js","statementMap":{"0":{"start":{"line":3,"column":0},"end":{"line":5,"column":3}},"1":{"start":{"line":7,"column":17},"end":{"line":7,"column":199}},"2":{"start":{"line":8,"column":17},"end":{"line":8,"column":179}},"3":{"start":{"line":9,"column":18},"end":{"line":9,"column":271}},"4":{"start":{"line":10,"column":15},"end":{"line":10,"column":55}},"5":{"start":{"line":11,"column":16},"end":{"line":11,"column":55}},"6":{"start":{"line":13,"column":0},"end":{"line":13,"column":137}}},"fnMap":{},"branchMap":{},"s":{"0":1,"1":1,"2":1,"3":1,"4":1,"5":1,"6":1},"f":{},"b":{},"_coverageSchema":"43e27e138ebf9cfc5966b082cf9a028302ed4184","hash":"bc3375939e20a426bc6cd16b53c808687f6ad6d2","contentHash":"40cec46d5a342727d278bf52ee48960efd3a695e595cdd8933a4e06b831c6667"},"C:\\Users\\CharisUAS\\Desktop\\Broadcaster\\server\\v2\\helpers\\helperToken.js":{"path":"C:\\Users\\CharisUAS\\Desktop\\Broadcaster\\server\\v2\\helpers\\helperToken.js","statementMap":{"0":{"start":{"line":3,"column":0},"end":{"line":5,"column":3}},"1":{"start":{"line":7,"column":20},"end":{"line":7,"column":43}},"2":{"start":{"line":9,"column":21},"end":{"line":9,"column":58}},"3":{"start":{"line":11,"column":14},"end":{"line":11,"column":31}},"4":{"start":{"line":13,"column":15},"end":{"line":13,"column":46}},"5":{"start":{"line":15,"column":39},"end":{"line":15,"column":93}},"6":{"start":{"line":18,"column":0},"end":{"line":18,"column":26}},"7":{"start":{"line":19,"column":20},"end":{"line":24,"column":1}},"8":{"start":{"line":20,"column":2},"end":{"line":23,"column":22}},"9":{"start":{"line":26,"column":0},"end":{"line":26,"column":32}}},"fnMap":{"0":{"name":"_interopRequireDefault","decl":{"start":{"line":15,"column":9},"end":{"line":15,"column":31}},"loc":{"start":{"line":15,"column":37},"end":{"line":15,"column":95}},"line":15},"1":{"name":"generateToken","decl":{"start":{"line":19,"column":29},"end":{"line":19,"column":42}},"loc":{"start":{"line":19,"column":56},"end":{"line":24,"column":1}},"line":19}},"branchMap":{"0":{"loc":{"start":{"line":15,"column":46},"end":{"line":15,"column":92}},"type":"cond-expr","locations":[{"start":{"line":15,"column":70},"end":{"line":15,"column":73}},{"start":{"line":15,"column":76},"end":{"line":15,"column":92}}],"line":15},"1":{"loc":{"start":{"line":15,"column":46},"end":{"line":15,"column":67}},"type":"binary-expr","locations":[{"start":{"line":15,"column":46},"end":{"line":15,"column":49}},{"start":{"line":15,"column":53},"end":{"line":15,"column":67}}],"line":15}},"s":{"0":1,"1":1,"2":1,"3":1,"4":1,"5":2,"6":1,"7":1,"8":8,"9":1},"f":{"0":2,"1":8},"b":{"0":[0,2],"1":[2,2]},"_coverageSchema":"43e27e138ebf9cfc5966b082cf9a028302ed4184","hash":"f5faa997aee16f
[...]
e":7,"column":19},"end":{"line":7,"column":20}},"loc":{"start":{"line":7,"column":31},"end":{"line":7,"column":561}},"line":7},"1":{"name":"defineProperties","decl":{"start":{"line":7,"column":42},"end":{"line":7,"column":58}},"loc":{"start":{"line":7,"column":74},"end":{"line":7,"column":349}},"line":7},"2":{"name":"(anonymous_2)","decl":{"start":{"line":7,"column":357},"end":{"line":7,"column":358}},"loc":{"start":{"line":7,"column":405},"end":{"line":7,"column":558}},"line":7},"3":{"name":"_interopRequireDefault","decl":{"start":{"line":27,"column":9},"end":{"line":27,"column":31}},"loc":{"start":{"line":27,"column":37},"end":{"line":27,"column":95}},"line":27},"4":{"name":"_classCallCheck","decl":{"start":{"line":29,"column":9},"end":{"line":29,"column":24}},"loc":{"start":{"line":29,"column":48},"end":{"line":29,"column":153}},"line":29},"5":{"name":"(anonymous_5)","decl":{"start":{"line":31,"column":24},"end":{"line":31,"column":25}},"loc":{"start":{"line":31,"column":36},"end":{"line":167,"column":1}},"line":31},"6":{"name":"redflagController","decl":{"start":{"line":32,"column":11},"end":{"line":32,"column":28}},"loc":{"start":{"line":32,"column":31},"end":{"line":34,"column":3}},"line":32},"7":{"name":"create","decl":{"start":{"line":38,"column":26},"end":{"line":38,"column":32}},"loc":{"start":{"line":38,"column":43},"end":{"line":59,"column":5}},"line":38},"8":{"name":"viewredflags","decl":{"start":{"line":62,"column":26},"end":{"line":62,"column":38}},"loc":{"start":{"line":62,"column":49},"end":{"line":76,"column":5}},"line":62},"9":{"name":"viewSpecificflag","decl":{"start":{"line":79,"column":26},"end":{"line":79,"column":42}},"loc":{"start":{"line":79,"column":53},"end":{"line":93,"column":5}},"line":79},"10":{"name":"_delete","decl":{"start":{"line":96,"column":26},"end":{"line":96,"column":33}},"loc":{"start":{"line":96,"column":44},"end":{"line":106,"column":5}},"line":96},"11":{"name":"editLocation","decl":{"start":{"line":109,"column":26},"end":{"line":109,"column":38}},"loc":{"start":{"line":109,"column":49},"end":{"line":125,"column":5}},"line":109},"12":{"name":"editComment","decl":{"start":{"line":128,"column":26},"end":{"line":128,"column":37}},"loc":{"start":{"line":128,"column":48},"end":{"line":144,"column":5}},"line":128},"13":{"name":"editStatus","decl":{"start":{"line":147,"column":26},"end":{"line":147,"column":36}},"loc":{"start":{"line":147,"column":47},"end":{"line":163,"column":5}},"line":147}},"branchMap":{"0":{"loc":{"start":{"line":7,"column":168},"end":{"line":7,"column":198}},"type":"binary-expr","locations":[{"start":{"line":7,"column":168},"end":{"line":7,"column":189}},{"start":{"line":7,"column":193},"end":{"line":7,"column":198}}],"line":7},"1":{"loc":{"start":{"line":7,"column":232},"end":{"line":7,"column":286}},"type":"if","locations":[{"start":{"line":7,"column":232},"end":{"line":7,"column":286}},{"start":{"line":7,"column":232},"end":{"line":7,"column":286}}],"line":7},"2":{"loc":{"start":{"line":7,"column":407},"end":{"line":7,"column":475}},"type":"if","locations":[{"start":{"line":7,"column":407},"end":{"line":7,"column":475}},{"start":{"line":7,"column":407},"end":{"line":7,"column":475}}],"line":7},"3":{"loc":{"start":{"line":7,"column":476},"end":{"line":7,"column":536}},"type":"if","locations":[{"start":{"line":7,"column":476},"end":{"line":7,"column":536}},{"start":{"line":7,"column":476},"end":{"line":7,"column":536}}],"line":7},"4":{"loc":{"start":{"line":27,"column":46},"end":{"line":27,"column":92}},"type":"cond-expr","locations":[{"start":{"line":27,"column":70},"end":{"line":27,"column":73}},{"start":{"line":27,"column":76},"end":{"line":27,"column":92}}],"line":27},"5":{"loc":{"start":{"line":27,"column":46},"end":{"line":27,"column":67}},"type":"binary-expr","locations":[{"start":{"line":27,"column":46},"end":{"line":27,"column":49}},{"start":{"line":27,"column":53},"end":{"line":27,"column":67}}],"line":27},"6":{"loc":{"start":{"line":29,"column":50},"end":{"line":29,"column":151}},"type":"if","locations":[{"start":{"line":29,"column":50},"end":{"line":29,"column":151}},{"start":{"line":29,"column":50},"end":{"line":29,"column":151}}],"line":29},"7":{"loc":{"start":{"line":52,"column":6},"end":{"line":58,"column":7}},"type":"if","locations":[{"start":{"line":52,"column":6},"end":{"line":58,"column":7}}],"line":52},"8":{"loc":{"start":{"line":65,"column":6},"end":{"line":71,"column":7}},"type":"if","locations":[{"start":{"line":65,"column":6},"end":{"line":71,"column":7}}],"line":65},"9":{"loc":{"start":{"line":83,"column":6},"end":{"line":88,"column":7}},"type":"if","locations":[{"start":{"line":83,"column":6},"end":{"line":88,"column":7}}],"line":83},"10":{"loc":{"start":{"line":100,"column":6},"end":{"line":105,"column":7}},"type":"if","locations":[{"start":{"line":100,"column":6},"end":{"line":105,"column":7}}],"line":100},"11":{"loc":{"start":{"line":115,"column":6},"end":{"line":124,"column":7}},"type":"if","locations":[{"start":{"line":115,"column":6},"end":{"line":124,"column":7}}],"line":115},"12":{"loc":{"start":{"line":134,"column":6},"end":{"line":143,"column":7}},"type":"if","locations":[{"start":{"line":134,"column":6},"end":{"line":143,"column":7}}],"line":134},"13":{"loc":{"start":{"line":153,"column":6},"end":{"line":162,"column":7}},"type":"if","locations":[{"start":{"line":153,"column":6},"end":{"line":162,"column":7}}],"line":153}},"s":{"0":1,"1":1,"2":1,"3":1,"4":7,"5":7,"6":7,"7":7,"8":7,"9":7,"10":1,"11":1,"12":0,"13":1,"14":1,"15":1,"16":1,"17":1,"18":1,"19":1,"20":1,"21":1,"22":1,"23":1,"24":4,"25":0,"26":0,"27":1,"28":0,"29":1,"30":2,"31":2,"32":2,"33":2,"34":2,"35":2,"36":2,"37":2,"38":2,"39":2,"40":2,"41":2,"42":2,"43":2,"44":2,"45":1,"46":1,"47":2,"48":2,"49":2,"50":1,"51":1,"52":1,"53":1,"54":1,"55":1,"56":1,"57":1,"58":1,"59":1,"60":1,"61":1,"62":1,"63":1,"64":1,"65":1,"66":1,"67":1,"68":1,"69":1,"70":1,"71":1,"72":1},"f":{"0":1,"1":1,"2":1,"3":4,"4":0,"5":1,"6":0,"7":2,"8":2,"9":2,"10":1,"11":1,"12":1,"13":1},"b":{"0":[7,7],"1":[7,0],"2":[0,1],"3":[1,0],"4":[3,1],"5":[4,4],"6":[0,0],"7":[2],"8":[1],"9":[1],"10":[1],"11":[1],"12":[1],"13":[1]},"_coverageSchema":"43e27e138ebf9cfc5966b082cf9a028302ed4184","hash":"0d0b93c9ae9fc153d28841b18174da8e18a7c787","contentHash":"0a43d80b82707b0edd66ad9ee50ccef7cee85aa1d1e488e7f19acb02a964dd86"},"C:\\Users\\CharisUAS\\Desktop\\Broadcaster\\server\\v2\\helpers\\verifyToken.js":{"path":"C:\\Users\\CharisUAS\\Desktop\\Broadcaster\\server\\v2\\helpers\\verifyToken.js","statementMap":{"0":{"start":{"line":3,"column":0},"end":{"line":5,"column":3}},"1":{"start":{"line":7,"column":20},"end":{"line":7,"column":43}},"2":{"start":{"line":9,"column":21},"end":{"line":9,"column":58}},"3":{"start":{"line":11,"column":14},"end":{"line":11,"column":31}},"4":{"start":{"line":13,"column":15},"end":{"line":13,"column":46}},"5":{"start":{"line":15,"column":39},"end":{"line":15,"column":93}},"6":{"start":{"line":18,"column":0},"end":{"line":18,"column":26}},"7":{"start":{"line":19,"column":18},"end":{"line":32,"column":1}},"8":{"start":{"line":20,"column":2},"end":{"line":31,"column":3}},"9":{"start":{"line":21,"column":22},"end":{"line":21,"column":75}},"10":{"start":{"line":22,"column":16},"end":{"line":22,"column":33}},"11":{"start":{"line":24,"column":4},"end":{"line":24,"column":17}},"12":{"start":{"line":27,"column":4},"end":{"line":30,"column":7}},"13":{"start":{"line":34,"column":0},"end":{"line":34,"column":30}}},"fnMap":{"0":{"name":"_interopRequireDefault","decl":{"start":{"line":15,"column":9},"end":{"line":15,"column":31}},"loc":{"start":{"line":15,"column":37},"end":{"line":15,"column":95}},"line":15},"1":{"name":"decodeToken","decl":{"start":{"line":19,"column":27},"end":{"line":19,"column":38}},"loc":{"start":{"line":19,"column":46},"end":{"line":32,"column":1}},"line":19}},"branchMap":{"0":{"loc":{"start":{"line":15,"column":46},"end":{"line":15,"column":92}},"type":"cond-expr","locations":[{"start":{"line":15,"column":70},"end":{"line":15,"column":73}},{"start":{"line":15,"column":76},"end":{"line":15,"column":92}}],"line":15},"1":{"loc":{"start":{"line":15,"column":46},"end":{"line":15,"column":67}},"type":"binary-expr","locations":[{"start":{"line":15,"column":46},"end":{"line":15,"column":49}},{"start":{"line":15,"column":53},"end":{"line":15,"column":67}}],"line":15}},"s":{"0":1,"1":1,"2":1,"3":1,"4":1,"5":2,"6":1,"7":1,"8":12,"9":12,"10":12,"11":12,"12":0,"13":1},"f":{"0":2,"1":12},"b":{"0":[0,2],"1":[2,2]},"_coverageSchema":"43e27e138ebf9cfc5966b082cf9a028302ed4184","hash":"1416e5790b725061ddda5d7d8321f2f5fa441d4e","contentHash":"6e35d44ee7236101676e83fba9a84a9890a94718067e34c7c9fe8d04833fc4f0"},"C:\\Users\\CharisUAS\\Desktop\\Broadcaster\\server\\v2\\models\\redflags.js":{"path":"C:\\Users\\CharisUAS\\Desktop\\Broadcaster\\server\\v2\\models\\redflags.js","statementMap":{"0":{"start":{"line":3,"column":0},"end":{"line":5,"column":3}},"1":{"start":{"line":7,"column":20},"end":{"line":7,"column":257}},"2":{"start":{"line":8,"column":20},"end":{"line":8,"column":222}},"3":{"start":{"line":9,"column":19},"end":{"line":9,"column":43}},"4":{"start":{"line":10,"column":19},"end":{"line":10,"column":59}},"5":{"start":{"line":11,"column":20},"end":{"line":11,"column":58}},"6":{"start":{"line":12,"column":20},"end":{"line":12,"column":68}},"7":{"start":{"line":13,"column":21},"end":{"line":13,"column":70}},"8":{"start":{"line":14,"column":19},"end":{"line":14,"column":66}},"9":{"start":{"line":15,"column":16},"end":{"line":15,"column":63}},"10":{"start":{"line":16,"column":0},"end":{"line":26,"column":2}}},"fnMap":{},"branchMap":{},"s":{"0":1,"1":1,"2":1,"3":1,"4":1,"5":1,"6":1,"7":1,"8":1,"9":1,"10":1},"f":{},"b":{},"_coverageSchema":"43e27e138ebf9cfc5966b082cf9a028302ed4184","hash":"b9c6501887af84f15f734044a05b371def956ef8","contentHash":"4cee35171a3000d52c449cce97f5e6feaa87230eec505d0b8d88d156f7158a40"},"C:\\Users\\CharisUAS\\Desktop\\Broadcaster\\server\\v2\\middleware\\token.js":{"path":"C:\\Users\\CharisUAS\\Desktop\\Broadcaster\\server\\v2\\middleware\\token.js","statementMap":{"0":{"start":{"line":3,"column":0},"end":{"line":5,"column":3}},"1":{"start":{"line":7,"column":20},"end":{"line":7,"column":43}},"2":{"start":{"line":9,"column":21},"end":{"line":9,"column":58}},"3":{"start":{"line":11,"column":18},"end":{"line":11,"column":45}},"4":{"start":{"line":13,"column":19},"end":{"line":13,"column":54}},"5":{"start":{"line":15,"column":13},"end":{"line":15,"column":39}},"6":{"start":{"line":17,"column":14},"end":{"line":17,"column":44}},"7":{"start":{"line":19,"column":39},"end":{"line":19,"column":93}},"8":{"start":{"line":21,"column":17},"end":{"line":49,"column":1}},"9":{"start":{"line":22,"column":2},"end":{"line":47,"column":3}},"10":{"start":{"line":23,"column":20},"end":{"line":23,"column":39}},"11":{"start":{"line":24,"column":4},"end":{"line":29,"column":5}},"12":{"start":{"line":25,"column":6},"end":{"line":28,"column":9}},"13":{"start":{"line":31,"column":22},"end":{"line":31,"column":89}},"14":{"start":{"line":32,"column":16},"end":{"line":32,"column":33}},"15":{"start":{"line":34,"column":19},"end":{"line":34,"column":86}},"16":{"start":{"line":35,"column":4},"end":{"line":40,"column":5}},"17":{"start":{"line":36,"column":6},"end":{"line":39,"column":9}},"18":{"start":{"line":41,"column":4},"end":{"line":41,"column":11}},"19":{"start":{"line":43,"column":4},"end":{"line":46,"column":7}},"20":{"start":{"line":48,"column":2},"end":{"line":48,"column":14}},"21":{"start":{"line":51,"column":0},"end":{"line":51,"column":29}}},"fnMap":{"0":{"name":"_interopRequireDefault","decl":{"start":{"line":19,"column":9},"end":{"line":19,"column":31}},"loc":{"start":{"line":19,"column":37},"end":{"line":19,"column":95}},"line":19},"1":{"name":"checkToken","decl":{"start":{"line":21,"column":32},"end":{"line":21,"column":42}},"loc":{"start":{"line":21,"column":59},"end":{"line":49,"column":1}},"line":21}},"branchMap":{"0":{"loc":{"start":{"line":19,"column":46},"end":{"line":19,"column":92}},"type":"cond-expr","locations":[{"start":{"line":19,"column":70},"end":{"line":19,"column":73}},{"start":{"line":19,"column":76},"end":{"line":19,"column":92}}],"line":19},"1":{"loc":{"start":{"line":19,"column":46},"end":{"line":19,"column":67}},"type":"binary-expr","locations":[{"start":{"line":19,"column":46},"end":{"line":19,"column":49}},{"start":{"line":19,"column":53},"end":{"line":19,"column":67}}],"line":19},"2":{"loc":{"start":{"line":24,"column":4},"end":{"line":29,"column":5}},"type":"if","locations":[{"start":{"line":24,"column":4},"end":{"line":29,"column":5}},{"start":{"line":24,"column":4},"end":{"line":29,"column":5}}],"line":24},"3":{"loc":{"start":{"line":35,"column":4},"end":{"line":40,"column":5}},"type":"if","locations":[{"start":{"line":35,"column":4},"end":{"line":40,"column":5}},{"start":{"line":35,"column":4},"end":{"line":40,"column":5}}],"line":35}},"s":{"0":1,"1":1,"2":1,"3":1,"4":1,"5":1,"6":1,"7":3,"8":1,"9":17,"10":17,"11":17,"12":1,"13":16,"14":14,"15":14,"16":14,"17":1,"18":13,"19":2,"20":13,"21":1},"f":{"0":3,"1":17},"b":{"0":[2,1],"1":[3,3],"2":[1,16],"3":[1,13]},"_coverageSchema":"43e27e138ebf9cfc5966b082cf9a028302ed4184","hash":"63742cd3cb4c907f3d911cb0c612d9d0e8a555f7","contentHash":"8f8760069ff10b35ebf2762a79df1389042f3f4b6cb9e1e71182be93fdb7fffa"},"C:\\Users\\CharisUAS\\Desktop\\Broadcaster\\server\\v2\\middleware\\owner.js":{"path":"C:\\Users\\CharisUAS\\Desktop\\Broadcaster\\server\\v2\\middleware\\owner.js","statementMap":{"0":{"start":{"line":3,"column":0},"end":{"line":5,"column":3}},"1":{"start":{"line":7,"column":18},"end":{"line":7,"column":45}},"2":{"start":{"line":9,"column":19},"end":{"line":9,"column":54}},"3":{"start":{"line":11,"column":19},"end":{"line":11,"column":52}},"4":{"start":{"line":13,"column":20},"end":{"line":13,"column":56}},"5":{"start":{"line":15,"column":16},"end":{"line":15,"column":45}},"6":{"start":{"line":17,"column":17},"end":{"line":17,"column":50}},"7":{"start":{"line":19,"column":39},"end":{"line":19,"column":93}},"8":{"start":{"line":21,"column":13},"end":{"line":39,"column":1}},"9":{"start":{"line":22,"column":14},"end":{"line":22,"column":61}},"10":{"start":{"line":23,"column":11},"end":{"line":23,"column":38}},"11":{"start":{"line":24,"column":21},"end":{"line":24,"column":92}},"12":{"start":{"line":25,"column":2},"end":{"line":30,"column":3}},"13":{"start":{"line":26,"column":4},"end":{"line":29,"column":7}},"14":{"start":{"line":31,"column":14},"end":{"line":31,"column":85}},"15":{"start":{"line":32,"column":2},"end":{"line":37,"column":3}},"16":{"start":{"line":33,"column":4},"end":{"line":36,"column":7}},"17":{"start":{"line":38,"column":2},"end":{"line":38,"column":16}},"18":{"start":{"line":40,"column":0},"end":{"line":40,"column":25}}},"fnMap":{"0":{"name":"_interopRequireDefault","decl":{"start":{"line":19,"column":9},"end":{"line":19,"column":31}},"loc":{"start":{"line":19,"column":37},"end":{"line":19,"column":95}},"line":19},"1":{"name":"access","decl":{"start":{"line":21,"column":28},"end":{"line":21,"column":34}},"loc":{"start":{"line":21,"column":51},"end":{"line":39,"column":1}},"line":21}},"branchMap":{"0":{"loc":{"start":{"line":19,"column":46},"end":{"line":19,"column":92}},"type":"cond-expr","locations":[{"start":{"line":19,"column":70},"end":{"line":19,"column":73}},{"start":{"line":19,"column":76},"end":{"line":19,"column":92}}],"line":19},"1":{"loc":{"start":{"line":19,"column":46},"end":{"line":19,"column":67}},"type":"binary-expr","locations":[{"start":{"line":19,"column":46},"end":{"line":19,"column":49}},{"start":{"line":19,"column":53},"end":{"line":19,"column":67}}],"line":19},"2":{"loc":{"start":{"line":25,"column":2},"end":{"line":30,"column":3}},"type":"if","locations":[{"start":{"line":25,"column":2},"end":{"line":30,"column":3}},{"start":{"line":25,"column":2},"end":{"line":30,"column":3}}],"line":25},"3":{"loc":{"start":{"line":32,"column":2},"end":{"line":37,"column":3}},"type":"if","locations":[{"start":{"line":32,"column":2},"end":{"line":37,"column":3}},{"start":{"line":32,"column":2},"end":{"line":37,"column":3}}],"line":32}},"s":{"0":1,"1":1,"2":1,"3":1,"4":1,"5":1,"6":1,"7":3,"8":1,"9":10,"10":10,"11":10,"12":10,"13":4,"14":6,"15":6,"16":1,"17":5,"18":1},"f":{"0":3,"1":10},"b":{"0":[3,0],"1":[3,3],"2":[4,6],"3":[1,5]},"_coverageSchema":"43e27e138ebf9cfc5966b082cf9a028302ed4184","hash":"f7b54fae003f19790df11f8ff178a2a1fec3f6eb","contentHash":"77bc37fbbb55836513782ac8b61c2177e0a080a6880cd93dfd4ce0cd3179a05d"},"C:\\Users\\CharisUAS\\Desktop\\Broadcaster\\server\\v2\\middleware\\isadmin.js":{"path":"C:\\Users\\CharisUAS\\Desktop\\Broadcaster\\server\\v2\\middleware\\isadmin.js","statementMap":{"0":{"start":{"line":3,"column":0},"end":{"line":5,"column":3}},"1":{"start":{"line":7,"column":20},"end":{"line":7,"column":43}},"2":{"start":{"line":9,"column":21},"end":{"line":9,"column":58}},"3":{"start":{"line":11,"column":18},"end":{"line":11,"column":45}},"4":{"start":{"line":13,"column":19},"end":{"line":13,"column":54}},"5":{"start":{"line":15,"column":13},"end":{"line":15,"column":39}},"6":{"start":{"line":17,"column":14},"end":{"line":17,"column":44}},"7":{"start":{"line":19,"column":16},"end":{"line":19,"column":45}},"8":{"start":{"line":21,"column":17},"end":{"line":21,"column":50}},"9":{"start":{"line":23,"column":39},"end":{"line":23,"column":93}},"10":{"start":{"line":26,"column":13},"end":{"line":47,"column":1}},"11":{"start":{"line":27,"column":11},"end":{"line":27,"column":38}},"12":{"start":{"line":28,"column":21},"end":{"line":28,"column":92}},"13":{"start":{"line":29,"column":2},"end":{"line":34,"column":3}},"14":{"start":{"line":30,"column":4},"end":{"line":33,"column":7}},"15":{"start":{"line":36,"column":20},"end":{"line":36,"column":87}},"16":{"start":{"line":37,"column":14},"end":{"line":37,"column":31}},"17":{"start":{"line":39,"column":18},"end":{"line":39,"column":85}},"18":{"start":{"line":40,"column":2},"end":{"line":45,"column":3}},"19":{"start":{"line":41,"column":4},"end":{"line":44,"column":7}},"20":{"start":{"line":46,"column":2},"end":{"line":46,"column":16}},"21":{"start":{"line":48,"column":0},"end":{"line":48,"column":25}}},"fnMap":{"0":{"name":"_interopRequireDefault","decl":{"start":{"line":23,"column":9},"end":{"line":23,"column":31}},"loc":{"start":{"line":23,"column":37},"end":{"line":23,"column":95}},"line":23},"1":{"name":"access","decl":{"start":{"line":26,"column":28},"end":{"line":26,"column":34}},"loc":{"start":{"line":26,"column":51},"end":{"line":47,"column":1}},"line":26}},"branchMap":{"0":{"loc":{"start":{"line":23,"column":46},"end":{"line":23,"column":92}},"type":"cond-expr","locations":[{"start":{"line":23,"column":70},"end":{"line":23,"column":73}},{"start":{"line":23,"column":76},"end":{"line":23,"column":92}}],"line":23},"1":{"loc":{"start":{"line":23,"column":46},"end":{"line":23,"column":67}},"type":"binary-expr","locations":[{"start":{"line":23,"column":46},"end":{"line":23,"column":49}},{"start":{"line":23,"column":53},"end":{"line":23,"column":67}}],"line":23},"2":{"loc":{"start":{"line":29,"column":2},"end":{"line":34,"column":3}},"type":"if","locations":[{"start":{"line":29,"column":2},"end":{"line":34,"column":3}},{"start":{"line":29,"column":2},"end":{"line":34,"column":3}}],"line":29},"3":{"loc":{"start":{"line":40,"column":2},"end":{"line":45,"column":3}},"type":"if","locations":[{"start":{"line":40,"column":2},"end":{"line":45,"column":3}},{"start":{"line":40,"column":2},"end":{"line":45,"column":3}}],"line":40}},"s":{"0":1,"1":1,"2":1,"3":1,"4":1,"5":1,"6":1,"7":1,"8":1,"9":4,"10":1,"11":4,"12":4,"13":4,"14":1,"15":3,"16":3,"17":3,"18":3,"19":1,"20":2,"21":1},"f":{"0":4,"1":4},"b":{"0":[3,1],"1":[4,4],"2":[1,3],"3":[1,2]},"_coverageSchema":"43e27e138ebf9cfc5966b082cf9a028302ed4184","hash":"843f3f05a95209d3bbf2f4ed107aecb710c8bf13","contentHash":"f86b3920ee747d460b2fdb9aff3b35d9e68375c59dfa1eba60406b00b40aa668"}}